<?xml version="1.0" encoding="UTF-8"?>
<!-- Generated by org.testng.reporters.JUnitXMLReporter -->
<testsuite ignored="4" hostname="LAPTOP-PLNO5R2G" failures="0" tests="5" name="Default test" time="15.727" errors="0" timestamp="2023-05-30T18:55:23 PDT">
  <testcase classname="com.qa.demoblaze.testcases.DemoBlaze_LoginTest" name="loginWithValidCredentials" time="0.384"/>
  <testcase classname="com.qa.demoblaze.testcases.DemoBlaze_LoginTest" name="loginWithValidCredentials" time="0.393"/>
  <testcase classname="com.qa.demoblaze.testcases.DemoBlaze_LoginTest" name="loginWithValidCredentials" time="0.435"/>
  <testcase classname="com.qa.demoblaze.testcases.DemoBlaze_LoginTest" name="loginWithValidCredentials" time="0.396"/>
  <testcase classname="com.qa.demoblaze.testcases.DemoBlaze_LoginTest" name="loginWithValidCredentials" time="0.353"/>
  <testcase classname="com.qa.demoblaze.testcases.DemoBlaze_LoginTest" name="loginWithInValidUsernameValidPassword" time="0.0">
    <ignored/>
  </testcase> <!-- loginWithInValidUsernameValidPassword -->
  <testcase classname="com.qa.demoblaze.testcases.DemoBlaze_LoginTest" name="loginWithValidUsernameInvalidPassword" time="0.0">
    <ignored/>
  </testcase> <!-- loginWithValidUsernameInvalidPassword -->
  <testcase classname="com.qa.demoblaze.testcases.DemoBlaze_LoginTest" name="loginWithInvalidCredentials" time="0.0">
    <ignored/>
  </testcase> <!-- loginWithInvalidCredentials -->
  <testcase classname="com.qa.demoblaze.testcases.DemoBlaze_LoginTest" name="loginWithNoCredentials" time="0.0">
    <ignored/>
  </testcase> <!-- loginWithNoCredentials -->
</testsuite> <!-- Default test -->
