<?xml version="1.0" encoding="UTF-8"?>
<testsuite xmlns:xsi="http://www.w3.org/2001/XMLSchema-instance" xsi:noNamespaceSchemaLocation="https://maven.apache.org/surefire/maven-surefire-plugin/xsd/surefire-test-report-3.0.xsd" version="3.0" name="TestSuite" time="28.687" tests="9" errors="0" skipped="0" failures="0">
  <properties>
[...]
</properties>
  <testcase name="pageTitleAndUrl" classname="com.qa.demoblaze.testcases.DemoBlaze_Landingage" time="0.061">
    <system-out><![CDATA[[TestNGContentHandler] [WARN] It is strongly recommended to add "<!DOCTYPE suite SYSTEM "http://testng.org/testng-1.0.dtd" >" at the top of your file, otherwise TestNG may fail or not work as expected.
[DEBUG] Using SLF4J as the default logging framework
[DEBUG] -Dio.netty.leakDetection.level: simple
[DEBUG] -Dio.netty.leakDetection.targetRecords: 4
[DEBUG] Loaded default ResourceLeakDetector: io.netty.util.ResourceLeakDetector@5674e1f2
[DEBUG] -Dio.netty.noUnsafe: false
[DEBUG] Java version: 8
[DEBUG] sun.misc.Unsafe.theUnsafe: available
[DEBUG] sun.misc.Unsafe.copyMemory: available
[DEBUG] sun.misc.Unsafe.storeFence: available
[DEBUG] java.nio.Buffer.address: available
[DEBUG] direct buffer constructor: available
[DEBUG] java.nio.Bits.unaligned: available, true
[DEBUG] jdk.internal.misc.Unsafe.allocateUninitializedArray(int): unavailable prior to Java9
[DEBUG] java.nio.DirectByteBuffer.<init>(long, int): available
[DEBUG] sun.misc.Unsafe: available
[DEBUG] -Dio.netty.tmpdir: C:\Users\chowd\AppData\Local\Temp (java.io.tmpdir)
[DEBUG] -Dio.netty.bitMode: 64 (sun.arch.data.model)
[DEBUG] Platform: Windows
[DEBUG] -Dio.netty.maxDirectMemory: 2803892224 bytes
[DEBUG] -Dio.netty.uninitializedArrayAllocationThreshold: -1
[DEBUG] java.nio.ByteBuffer.cleaner(): available
[DEBUG] -Dio.netty.noPreferDirect: false
[DEBUG] org.jctools-core.MpscChunkedArrayQueue: available
[DEBUG] -Dio.netty.threadLocalMap.stringBuilder.initialSize: 1024
[DEBUG] -Dio.netty.threadLocalMap.stringBuilder.maxSize: 4096
[DEBUG] Default protocols (JDK): [TLSv1.2] 
[DEBUG] Default cipher suites (JDK): [TLS_ECDHE_ECDSA_WITH_AES_256_GCM_SHA384, TLS_ECDHE_ECDSA_WITH_AES_128_GCM_SHA256, TLS_ECDHE_RSA_WITH_AES_128_GCM_SHA256, TLS_ECDHE_RSA_WITH_AES_256_GCM_SHA384, TLS_ECDHE_RSA_WITH_AES_128_CBC_SHA, TLS_ECDHE_RSA_WITH_AES_256_CBC_SHA, TLS_RSA_WITH_AES_128_GCM_SHA256, TLS_RSA_WITH_AES_128_CBC_SHA, TLS_RSA_WITH_AES_256_CBC_SHA, TLS_AES_128_GCM_SHA256, TLS_AES_256_GCM_SHA384]
[DEBUG] -Dio.netty.globalEventExecutor.quietPeriodSeconds: 1
[DEBUG] -Dio.netty.eventLoopThreads: 16
[DEBUG] -Dio.netty.noKeySetOptimization: false
[DEBUG] -Dio.netty.selectorAutoRebuildThreshold: 512
[DEBUG] -Dio.netty.allocator.numHeapArenas: 16
[DEBUG] -Dio.netty.allocator.numDirectArenas: 16
[DEBUG] -Dio.netty.allocator.pageSize: 8192
[DEBUG] -Dio.netty.allocator.maxOrder: 9
[DEBUG] -Dio.netty.allocator.chunkSize: 4194304
[DEBUG] -Dio.netty.allocator.smallCacheSize: 256
[DEBUG] -Dio.netty.allocator.normalCacheSize: 64
[DEBUG] -Dio.netty.allocator.maxCachedBufferCapacity: 32768
[DEBUG] -Dio.netty.allocator.cacheTrimInterval: 8192
[DEBUG] -Dio.netty.allocator.cacheTrimIntervalMillis: 0
[DEBUG] -Dio.netty.allocator.useCacheForAllThreads: false
[DEBUG] -Dio.netty.allocator.maxCachedByteBuffersPerChunk: 1023
[DEBUG] -Dio.netty.allocator.type: pooled
[DEBUG] -Dio.netty.threadLocalDirectBufferSize: 0
[DEBUG] -Dio.netty.maxThreadLocalCharBufferSize: 16384
[DEBUG] -Dio.netty.processId: 7968 (auto-detected)
[DEBUG] -Djava.net.preferIPv4Stack: false
[DEBUG] -Djava.net.preferIPv6Addresses: false
[DEBUG] Loopback interface: lo (Software Loopback Interface 1, 127.0.0.1)
[DEBUG] Failed to get SOMAXCONN from sysctl and file \proc\sys\net\core\somaxconn. Default: 200
[DEBUG] -Dio.netty.machineId: 34:6f:24:ff:fe:1f:1c:1f (auto-detected)
[DEBUG] -Dio.netty.buffer.checkAccessible: true
[DEBUG] -Dio.netty.buffer.checkBounds: true
[DEBUG] Loaded default ResourceLeakDetector: io.netty.util.ResourceLeakDetector@20f926a6
[DEBUG] Using new Channel '[id: 0x5a4aedcb, L:/127.0.0.1:64194 - R:localhost/127.0.0.1:26860]' for 'POST' to '/session'
[DEBUG] -Dio.netty.recycler.maxCapacityPerThread: 4096
[DEBUG] -Dio.netty.recycler.ratio: 8
[DEBUG] -Dio.netty.recycler.chunkSize: 32
[DEBUG] -Dio.netty.recycler.blocking: false
[DEBUG] -Dio.netty.recycler.batchFastThreadLocalOnly: true
[DEBUG] brotli4j not in the classpath; Brotli support will be unavailable.
[DEBUG] 

Request DefaultHttpRequest(decodeResult: success, version: HTTP/1.1)
POST /session HTTP/1.1
User-Agent: selenium/4.8.2 (java windows)
Content-Length: 489
Content-Type: application/json; charset=utf-8
host: localhost:26860
accept: */*

Response DefaultHttpResponse(decodeResult: success, version: HTTP/1.1)
HTTP/1.1 200 OK
Content-Length: 858
Content-Type: application/json; charset=utf-8
cache-control: no-cache

[DEBUG] Adding key: http://localhost:26860 for channel [id: 0x5a4aedcb, L:/127.0.0.1:64194 - R:localhost/127.0.0.1:26860]
[DEBUG] Using new Channel '[id: 0x4129b36a, L:/127.0.0.1:64200 - R:localhost/127.0.0.1:64195]' for 'GET' to '/json/version'
[DEBUG] 

Request DefaultFullHttpRequest(decodeResult: success, version: HTTP/1.1, content: EmptyByteBufBE)
GET /json/version HTTP/1.1
User-Agent: selenium/4.8.2 (java windows)
host: localhost:64195
accept: */*

Response DefaultHttpResponse(decodeResult: success, version: HTTP/1.1)
HTTP/1.1 200 OK
Content-Security-Policy: frame-ancestors 'none'
Content-Length: 424
Content-Type: application/json; charset=UTF-8

[DEBUG] Adding key: http://localhost:64195 for channel [id: 0x4129b36a, L:/127.0.0.1:64200 - R:localhost/127.0.0.1:64195]
[DEBUG] -Dio.netty.initialSeedUniquifier: 0x7d691462d69f478d
[DEBUG] Using new Channel '[id: 0x208b39b3, L:/127.0.0.1:64201 - R:localhost/127.0.0.1:64195]' for 'GET' to '/devtools/browser/96001113-5856-4c94-af9e-5ded33925a12'
[DEBUG] 

Request DefaultFullHttpRequest(decodeResult: success, version: HTTP/1.1, content: EmptyByteBufBE)
GET /devtools/browser/96001113-5856-4c94-af9e-5ded33925a12 HTTP/1.1
upgrade: websocket
connection: upgrade
sec-websocket-key: tmiU7bmyazm0Gk13IOkdIA==
sec-websocket-version: 13
origin: http://localhost:64195
host: localhost:64195
accept: */*
user-agent: AHC/2.1

Response DefaultHttpResponse(decodeResult: success, version: HTTP/1.1)
HTTP/1.1 101 WebSocket Protocol Handshake
Upgrade: WebSocket
Connection: Upgrade
Sec-WebSocket-Accept: fnwU2bGrlkTZmEQtuxm9d/bdXho=

[DEBUG] Using pooled Channel '[id: 0x5a4aedcb, L:/127.0.0.1:64194 - R:localhost/127.0.0.1:26860]' for 'POST' to 'http://localhost:26860/session/996b74df7016ba767bec93e741d5f4b5/window/maximize'
[DEBUG] Using open Channel [id: 0x5a4aedcb, L:/127.0.0.1:64194 - R:localhost/127.0.0.1:26860] for POST '/session/996b74df7016ba767bec93e741d5f4b5/window/maximize'
[DEBUG] 

Request DefaultHttpRequest(decodeResult: success, version: HTTP/1.1)
POST /session/996b74df7016ba767bec93e741d5f4b5/window/maximize HTTP/1.1
User-Agent: selenium/4.8.2 (java windows)
Content-Length: 3
Content-Type: application/json; charset=utf-8
host: localhost:26860
accept: */*

Response DefaultHttpResponse(decodeResult: success, version: HTTP/1.1)
HTTP/1.1 200 OK
Content-Length: 51
Content-Type: application/json; charset=utf-8
cache-control: no-cache

[DEBUG] Adding key: http://localhost:26860 for channel [id: 0x5a4aedcb, L:/127.0.0.1:64194 - R:localhost/127.0.0.1:26860]
[DEBUG] Using pooled Channel '[id: 0x5a4aedcb, L:/127.0.0.1:64194 - R:localhost/127.0.0.1:26860]' for 'POST' to 'http://localhost:26860/session/996b74df7016ba767bec93e741d5f4b5/url'
[DEBUG] Using open Channel [id: 0x5a4aedcb, L:/127.0.0.1:64194 - R:localhost/127.0.0.1:26860] for POST '/session/996b74df7016ba767bec93e741d5f4b5/url'
[DEBUG] 

Request DefaultHttpRequest(decodeResult: success, version: HTTP/1.1)
POST /session/996b74df7016ba767bec93e741d5f4b5/url HTTP/1.1
User-Agent: selenium/4.8.2 (java windows)
Content-Length: 74
Content-Type: application/json; charset=utf-8
host: localhost:26860
accept: */*

Response DefaultHttpResponse(decodeResult: success, version: HTTP/1.1)
HTTP/1.1 200 OK
Content-Length: 14
Content-Type: application/json; charset=utf-8
cache-control: no-cache

[DEBUG] Adding key: http://localhost:26860 for channel [id: 0x5a4aedcb, L:/127.0.0.1:64194 - R:localhost/127.0.0.1:26860]
[DEBUG] Using pooled Channel '[id: 0x5a4aedcb, L:/127.0.0.1:64194 - R:localhost/127.0.0.1:26860]' for 'POST' to 'http://localhost:26860/session/996b74df7016ba767bec93e741d5f4b5/timeouts'
[DEBUG] Using open Channel [id: 0x5a4aedcb, L:/127.0.0.1:64194 - R:localhost/127.0.0.1:26860] for POST '/session/996b74df7016ba767bec93e741d5f4b5/timeouts'
[DEBUG] 

Request DefaultHttpRequest(decodeResult: success, version: HTTP/1.1)
POST /session/996b74df7016ba767bec93e741d5f4b5/timeouts HTTP/1.1
User-Agent: selenium/4.8.2 (java windows)
Content-Length: 23
Content-Type: application/json; charset=utf-8
host: localhost:26860
accept: */*

Response DefaultHttpResponse(decodeResult: success, version: HTTP/1.1)
HTTP/1.1 200 OK
Content-Length: 14
Content-Type: application/json; charset=utf-8
cache-control: no-cache

[DEBUG] Adding key: http://localhost:26860 for channel [id: 0x5a4aedcb, L:/127.0.0.1:64194 - R:localhost/127.0.0.1:26860]
[DEBUG] Using pooled Channel '[id: 0x5a4aedcb, L:/127.0.0.1:64194 - R:localhost/127.0.0.1:26860]' for 'POST' to 'http://localhost:26860/session/996b74df7016ba767bec93e741d5f4b5/timeouts'
[DEBUG] Using open Channel [id: 0x5a4aedcb, L:/127.0.0.1:64194 - R:localhost/127.0.0.1:26860] for POST '/session/996b74df7016ba767bec93e741d5f4b5/timeouts'
[DEBUG] 

Request DefaultHttpRequest(decodeResult: success, version: HTTP/1.1)
POST /session/996b74df7016ba767bec93e741d5f4b5/timeouts HTTP/1.1
User-Agent: selenium/4.8.2 (java windows)
Content-Length: 23
Content-Type: application/json; charset=utf-8
host: localhost:26860
accept: */*

Response DefaultHttpResponse(decodeResult: success, version: HTTP/1.1)
HTTP/1.1 200 OK
Content-Length: 14
Content-Type: application/json; charset=utf-8
cache-control: no-cache

[DEBUG] Adding key: http://localhost:26860 for channel [id: 0x5a4aedcb, L:/127.0.0.1:64194 - R:localhost/127.0.0.1:26860]
[DEBUG] Using pooled Channel '[id: 0x5a4aedcb, L:/127.0.0.1:64194 - R:localhost/127.0.0.1:26860]' for 'POST' to 'http://localhost:26860/session/996b74df7016ba767bec93e741d5f4b5/timeouts'
[DEBUG] Using open Channel [id: 0x5a4aedcb, L:/127.0.0.1:64194 - R:localhost/127.0.0.1:26860] for POST '/session/996b74df7016ba767bec93e741d5f4b5/timeouts'
[DEBUG] 

Request DefaultHttpRequest(decodeResult: success, version: HTTP/1.1)
POST /session/996b74df7016ba767bec93e741d5f4b5/timeouts HTTP/1.1
User-Agent: selenium/4.8.2 (java windows)
Content-Length: 22
Content-Type: application/json; charset=utf-8
host: localhost:26860
accept: */*

Response DefaultHttpResponse(decodeResult: success, version: HTTP/1.1)
HTTP/1.1 200 OK
Content-Length: 14
Content-Type: application/json; charset=utf-8
cache-control: no-cache

[DEBUG] Adding key: http://localhost:26860 for channel [id: 0x5a4aedcb, L:/127.0.0.1:64194 - R:localhost/127.0.0.1:26860]
[DEBUG] Using pooled Channel '[id: 0x5a4aedcb, L:/127.0.0.1:64194 - R:localhost/127.0.0.1:26860]' for 'GET' to 'http://localhost:26860/session/996b74df7016ba767bec93e741d5f4b5/title'
[DEBUG] Using open Channel [id: 0x5a4aedcb, L:/127.0.0.1:64194 - R:localhost/127.0.0.1:26860] for GET '/session/996b74df7016ba767bec93e741d5f4b5/title'
[DEBUG] 

Request DefaultFullHttpRequest(decodeResult: success, version: HTTP/1.1, content: EmptyByteBufBE)
GET /session/996b74df7016ba767bec93e741d5f4b5/title HTTP/1.1
User-Agent: selenium/4.8.2 (java windows)
Cache-Control: no-cache
Content-Type: application/json; charset=utf-8
host: localhost:26860
accept: */*

Response DefaultHttpResponse(decodeResult: success, version: HTTP/1.1)
HTTP/1.1 200 OK
Content-Length: 17
Content-Type: application/json; charset=utf-8
cache-control: no-cache

[DEBUG] Adding key: http://localhost:26860 for channel [id: 0x5a4aedcb, L:/127.0.0.1:64194 - R:localhost/127.0.0.1:26860]
STORE
[DEBUG] Using pooled Channel '[id: 0x5a4aedcb, L:/127.0.0.1:64194 - R:localhost/127.0.0.1:26860]' for 'GET' to 'http://localhost:26860/session/996b74df7016ba767bec93e741d5f4b5/url'
[DEBUG] Using open Channel [id: 0x5a4aedcb, L:/127.0.0.1:64194 - R:localhost/127.0.0.1:26860] for GET '/session/996b74df7016ba767bec93e741d5f4b5/url'
[DEBUG] 

Request DefaultFullHttpRequest(decodeResult: success, version: HTTP/1.1, content: EmptyByteBufBE)
GET /session/996b74df7016ba767bec93e741d5f4b5/url HTTP/1.1
User-Agent: selenium/4.8.2 (java windows)
Cache-Control: no-cache
Content-Type: application/json; charset=utf-8
host: localhost:26860
accept: */*

Response DefaultHttpResponse(decodeResult: success, version: HTTP/1.1)
HTTP/1.1 200 OK
Content-Length: 48
Content-Type: application/json; charset=utf-8
cache-control: no-cache

[DEBUG] Adding key: http://localhost:26860 for channel [id: 0x5a4aedcb, L:/127.0.0.1:64194 - R:localhost/127.0.0.1:26860]
https://www.demoblaze.com/index.html
[DEBUG] Using pooled Channel '[id: 0x5a4aedcb, L:/127.0.0.1:64194 - R:localhost/127.0.0.1:26860]' for 'GET' to 'http://localhost:26860/session/996b74df7016ba767bec93e741d5f4b5/title'
[DEBUG] Using open Channel [id: 0x5a4aedcb, L:/127.0.0.1:64194 - R:localhost/127.0.0.1:26860] for GET '/session/996b74df7016ba767bec93e741d5f4b5/title'
[DEBUG] 

Request DefaultFullHttpRequest(decodeResult: success, version: HTTP/1.1, content: EmptyByteBufBE)
GET /session/996b74df7016ba767bec93e741d5f4b5/title HTTP/1.1
User-Agent: selenium/4.8.2 (java windows)
Cache-Control: no-cache
Content-Type: application/json; charset=utf-8
host: localhost:26860
accept: */*

Response DefaultHttpResponse(decodeResult: success, version: HTTP/1.1)
HTTP/1.1 200 OK
Content-Length: 17
Content-Type: application/json; charset=utf-8
cache-control: no-cache

[DEBUG] Adding key: http://localhost:26860 for channel [id: 0x5a4aedcb, L:/127.0.0.1:64194 - R:localhost/127.0.0.1:26860]
[DEBUG] Using pooled Channel '[id: 0x5a4aedcb, L:/127.0.0.1:64194 - R:localhost/127.0.0.1:26860]' for 'GET' to 'http://localhost:26860/session/996b74df7016ba767bec93e741d5f4b5/url'
[DEBUG] Using open Channel [id: 0x5a4aedcb, L:/127.0.0.1:64194 - R:localhost/127.0.0.1:26860] for GET '/session/996b74df7016ba767bec93e741d5f4b5/url'
[DEBUG] 

Request DefaultFullHttpRequest(decodeResult: success, version: HTTP/1.1, content: EmptyByteBufBE)
GET /session/996b74df7016ba767bec93e741d5f4b5/url HTTP/1.1
User-Agent: selenium/4.8.2 (java windows)
Cache-Control: no-cache
Content-Type: application/json; charset=utf-8
host: localhost:26860
accept: */*

Response DefaultHttpResponse(decodeResult: success, version: HTTP/1.1)
HTTP/1.1 200 OK
Content-Length: 48
Content-Type: application/json; charset=utf-8
cache-control: no-cache

[DEBUG] Adding key: http://localhost:26860 for channel [id: 0x5a4aedcb, L:/127.0.0.1:64194 - R:localhost/127.0.0.1:26860]
Webpage is non functional and not valid
]]></system-out>
    <system-err><![CDATA[Starting ChromeDriver 113.0.5672.63 (0e1a4471d5ae5bf128b1bd8f4d627c8cbd55f70c-refs/branch-heads/5672@{#912}) on port 26860
Only local connections are allowed.
Please see https://chromedriver.chromium.org/security-considerations for suggestions on keeping ChromeDriver safe.
ChromeDriver was started successfully.
May 30, 2023 7:26:15 PM org.openqa.selenium.devtools.CdpVersionFinder findNearestMatch
WARNING: Unable to find an exact match for CDP version 113, so returning the closest version found: 111
]]></system-err>
  </testcase>
  <testcase name="presenceOfProductStoreLink" classname="com.qa.demoblaze.testcases.DemoBlaze_Landingage" time="0.081">
    <system-out><![CDATA[[DEBUG] Channel Closed: [id: 0x9a3ae74b, L:/127.0.0.1:64320 ! R:localhost/127.0.0.1:64314] with attribute NettyResponseFuture{currentRetry=0,
	isDone=1,
	isCancelled=0,
	asyncHandler=org.asynchttpclient.ws.WebSocketUpgradeHandler@44b6df36,
	nettyRequest=org.asynchttpclient.netty.request.NettyRequest@2a7ad382,
	future=java.util.concurrent.CompletableFuture@3c8ddeaa[Completed normally],
	uri=ws://localhost:64314/devtools/browser/25fad763-d89f-42f1-9d36-fe59af4c8b5a,
	keepAlive=true,
	redirectCount=0,
	timeoutsHolder=null,
	inAuth=0,
	touch=1685499996505}
[DEBUG] Closing Channel [id: 0x9a3ae74b, L:/127.0.0.1:64320 ! R:localhost/127.0.0.1:64314] 
[DEBUG] Using pooled Channel '[id: 0xa8905105, L:/127.0.0.1:64313 - R:localhost/127.0.0.1:23544]' for 'DELETE' to 'http://localhost:23544/session/0bb7ec56883e21ab4a9927e1f5f12f38'
[DEBUG] Using open Channel [id: 0xa8905105, L:/127.0.0.1:64313 - R:localhost/127.0.0.1:23544] for DELETE '/session/0bb7ec56883e21ab4a9927e1f5f12f38'
[DEBUG] Unexpected I/O exception on channel [id: 0xae7089d2, L:/127.0.0.1:64319 - R:localhost/127.0.0.1:64314]
java.io.IOException: An existing connection was forcibly closed by the remote host
	at sun.nio.ch.SocketDispatcher.read0(Native Method) ~[na:1.8.0_333]
	at sun.nio.ch.SocketDispatcher.read(SocketDispatcher.java:43) ~[na:1.8.0_333]
	at sun.nio.ch.IOUtil.readIntoNativeBuffer(IOUtil.java:223) ~[na:1.8.0_333]
	at sun.nio.ch.IOUtil.read(IOUtil.java:192) ~[na:1.8.0_333]
	at sun.nio.ch.SocketChannelImpl.read(SocketChannelImpl.java:378) ~[na:1.8.0_333]
	at io.netty.buffer.PooledByteBuf.setBytes(PooledByteBuf.java:256) ~[netty-buffer-4.1.90.Final.jar:4.1.90.Final]
	at io.netty.buffer.AbstractByteBuf.writeBytes(AbstractByteBuf.java:1132) ~[netty-buffer-4.1.90.Final.jar:4.1.90.Final]
	at io.netty.channel.socket.nio.NioSocketChannel.doReadBytes(NioSocketChannel.java:357) ~[netty-transport-4.1.90.Final.jar:4.1.90.Final]
	at io.netty.channel.nio.AbstractNioByteChannel$NioByteUnsafe.read(AbstractNioByteChannel.java:151) ~[netty-transport-4.1.90.Final.jar:4.1.90.Final]
	at io.netty.channel.nio.NioEventLoop.processSelectedKey(NioEventLoop.java:788) [netty-transport-4.1.90.Final.jar:4.1.90.Final]
	at io.netty.channel.nio.NioEventLoop.processSelectedKeysOptimized(NioEventLoop.java:724) [netty-transport-4.1.90.Final.jar:4.1.90.Final]
	at io.netty.channel.nio.NioEventLoop.processSelectedKeys(NioEventLoop.java:650) [netty-transport-4.1.90.Final.jar:4.1.90.Final]
	at io.netty.channel.nio.NioEventLoop.run(NioEventLoop.java:562) [netty-transport-4.1.90.Final.jar:4.1.90.Final]
	at io.netty.util.concurrent.SingleThreadEventExecutor$4.run(SingleThreadEventExecutor.java:997) [netty-common-4.1.90.Final.jar:4.1.90.Final]
	at io.netty.util.internal.ThreadExecutorMap$2.run(ThreadExecutorMap.java:74) [netty-common-4.1.90.Final.jar:4.1.90.Final]
	at io.netty.util.concurrent.FastThreadLocalRunnable.run(FastThreadLocalRunnable.java:30) [netty-common-4.1.90.Final.jar:4.1.90.Final]
	at java.lang.Thread.run(Thread.java:750) [na:1.8.0_333]
[DEBUG] Closing Channel [id: 0xae7089d2, L:/127.0.0.1:64319 - R:localhost/127.0.0.1:64314] 
[DEBUG] Channel Closed: [id: 0xae7089d2, L:/127.0.0.1:64319 ! R:localhost/127.0.0.1:64314] with attribute DISCARD
[DEBUG] 

Request DefaultFullHttpRequest(decodeResult: success, version: HTTP/1.1, content: EmptyByteBufBE)
DELETE /session/0bb7ec56883e21ab4a9927e1f5f12f38 HTTP/1.1
User-Agent: selenium/4.8.2 (java windows)
Content-Type: application/json; charset=utf-8
host: localhost:23544
accept: */*

Response DefaultHttpResponse(decodeResult: success, version: HTTP/1.1)
HTTP/1.1 200 OK
Content-Length: 14
Content-Type: application/json; charset=utf-8
cache-control: no-cache

[DEBUG] Adding key: http://localhost:23544 for channel [id: 0xa8905105, L:/127.0.0.1:64313 - R:localhost/127.0.0.1:23544]
[DEBUG] Channel Closed: [id: 0xa8905105, L:/127.0.0.1:64313 ! R:localhost/127.0.0.1:23544] with attribute DISCARD
[DEBUG] Entry count for : http://localhost:23544 : 1
[DEBUG] Entry count for : http://localhost:64314 : 1
[DEBUG] Adding Candidate expired Channel [id: 0xa8905105, L:/127.0.0.1:64313 ! R:localhost/127.0.0.1:23544] isIdleTimeoutExpired=false isRemotelyClosed=true isTtlExpired=false
[DEBUG] Closing Idle Channel [id: 0xa8905105, L:/127.0.0.1:64313 ! R:localhost/127.0.0.1:23544]
[DEBUG] Adding Candidate expired Channel [id: 0xae7089d2, L:/127.0.0.1:64319 ! R:localhost/127.0.0.1:64314] isIdleTimeoutExpired=false isRemotelyClosed=true isTtlExpired=false
[DEBUG] Closing Idle Channel [id: 0xae7089d2, L:/127.0.0.1:64319 ! R:localhost/127.0.0.1:64314]
[DEBUG] Closed 2 connections out of 2 in 0 ms
[DEBUG] Using new Channel '[id: 0xe4d018a1, L:/127.0.0.1:64330 - R:localhost/127.0.0.1:32307]' for 'POST' to '/session'
[DEBUG] 

Request DefaultHttpRequest(decodeResult: success, version: HTTP/1.1)
POST /session HTTP/1.1
User-Agent: selenium/4.8.2 (java windows)
Content-Length: 489
Content-Type: application/json; charset=utf-8
host: localhost:32307
accept: */*

Response DefaultHttpResponse(decodeResult: success, version: HTTP/1.1)
HTTP/1.1 200 OK
Content-Length: 857
Content-Type: application/json; charset=utf-8
cache-control: no-cache

[DEBUG] Adding key: http://localhost:32307 for channel [id: 0xe4d018a1, L:/127.0.0.1:64330 - R:localhost/127.0.0.1:32307]
[DEBUG] Using new Channel '[id: 0x00474e96, L:/127.0.0.1:64336 - R:localhost/127.0.0.1:64331]' for 'GET' to '/json/version'
[DEBUG] 

Request DefaultFullHttpRequest(decodeResult: success, version: HTTP/1.1, content: EmptyByteBufBE)
GET /json/version HTTP/1.1
User-Agent: selenium/4.8.2 (java windows)
host: localhost:64331
accept: */*

Response DefaultHttpResponse(decodeResult: success, version: HTTP/1.1)
HTTP/1.1 200 OK
Content-Security-Policy: frame-ancestors 'none'
Content-Length: 424
Content-Type: application/json; charset=UTF-8

[DEBUG] Adding key: http://localhost:64331 for channel [id: 0x00474e96, L:/127.0.0.1:64336 - R:localhost/127.0.0.1:64331]
[DEBUG] Using new Channel '[id: 0xd0d17a41, L:/127.0.0.1:64337 - R:localhost/127.0.0.1:64331]' for 'GET' to '/devtools/browser/a72e8e59-329c-4407-a9aa-bf3236b89df0'
[DEBUG] 

Request DefaultFullHttpRequest(decodeResult: success, version: HTTP/1.1, content: EmptyByteBufBE)
GET /devtools/browser/a72e8e59-329c-4407-a9aa-bf3236b89df0 HTTP/1.1
upgrade: websocket
connection: upgrade
sec-websocket-key: lu9RxuB5lFHwJDj6wuxwsg==
sec-websocket-version: 13
origin: http://localhost:64331
host: localhost:64331
accept: */*
user-agent: AHC/2.1

Response DefaultHttpResponse(decodeResult: success, version: HTTP/1.1)
HTTP/1.1 101 WebSocket Protocol Handshake
Upgrade: WebSocket
Connection: Upgrade
Sec-WebSocket-Accept: 9Pv0UogM1CvUaFQCnZYtc0fbGzQ=

[DEBUG] Using pooled Channel '[id: 0xe4d018a1, L:/127.0.0.1:64330 - R:localhost/127.0.0.1:32307]' for 'POST' to 'http://localhost:32307/session/fe5552950928b3b2ab4260c8a8e8a1dc/window/maximize'
[DEBUG] Using open Channel [id: 0xe4d018a1, L:/127.0.0.1:64330 - R:localhost/127.0.0.1:32307] for POST '/session/fe5552950928b3b2ab4260c8a8e8a1dc/window/maximize'
[DEBUG] 

Request DefaultHttpRequest(decodeResult: success, version: HTTP/1.1)
POST /session/fe5552950928b3b2ab4260c8a8e8a1dc/window/maximize HTTP/1.1
User-Agent: selenium/4.8.2 (java windows)
Content-Length: 3
Content-Type: application/json; charset=utf-8
host: localhost:32307
accept: */*

Response DefaultHttpResponse(decodeResult: success, version: HTTP/1.1)
HTTP/1.1 200 OK
Content-Length: 51
Content-Type: application/json; charset=utf-8
cache-control: no-cache

[DEBUG] Adding key: http://localhost:32307 for channel [id: 0xe4d018a1, L:/127.0.0.1:64330 - R:localhost/127.0.0.1:32307]
[DEBUG] Using pooled Channel '[id: 0xe4d018a1, L:/127.0.0.1:64330 - R:localhost/127.0.0.1:32307]' for 'POST' to 'http://localhost:32307/session/fe5552950928b3b2ab4260c8a8e8a1dc/url'
[DEBUG] Using open Channel [id: 0xe4d018a1, L:/127.0.0.1:64330 - R:localhost/127.0.0.1:32307] for POST '/session/fe5552950928b3b2ab4260c8a8e8a1dc/url'
[DEBUG] Entry count for : http://localhost:64331 : 1
[DEBUG] 

Request DefaultHttpRequest(decodeResult: success, version: HTTP/1.1)
POST /session/fe5552950928b3b2ab4260c8a8e8a1dc/url HTTP/1.1
User-Agent: selenium/4.8.2 (java windows)
Content-Length: 74
Content-Type: application/json; charset=utf-8
host: localhost:32307
accept: */*

Response DefaultHttpResponse(decodeResult: success, version: HTTP/1.1)
HTTP/1.1 200 OK
Content-Length: 14
Content-Type: application/json; charset=utf-8
cache-control: no-cache

[DEBUG] Adding key: http://localhost:32307 for channel [id: 0xe4d018a1, L:/127.0.0.1:64330 - R:localhost/127.0.0.1:32307]
[DEBUG] Using pooled Channel '[id: 0xe4d018a1, L:/127.0.0.1:64330 - R:localhost/127.0.0.1:32307]' for 'POST' to 'http://localhost:32307/session/fe5552950928b3b2ab4260c8a8e8a1dc/timeouts'
[DEBUG] Using open Channel [id: 0xe4d018a1, L:/127.0.0.1:64330 - R:localhost/127.0.0.1:32307] for POST '/session/fe5552950928b3b2ab4260c8a8e8a1dc/timeouts'
[DEBUG] 

Request DefaultHttpRequest(decodeResult: success, version: HTTP/1.1)
POST /session/fe5552950928b3b2ab4260c8a8e8a1dc/timeouts HTTP/1.1
User-Agent: selenium/4.8.2 (java windows)
Content-Length: 23
Content-Type: application/json; charset=utf-8
host: localhost:32307
accept: */*

Response DefaultHttpResponse(decodeResult: success, version: HTTP/1.1)
HTTP/1.1 200 OK
Content-Length: 14
Content-Type: application/json; charset=utf-8
cache-control: no-cache

[DEBUG] Adding key: http://localhost:32307 for channel [id: 0xe4d018a1, L:/127.0.0.1:64330 - R:localhost/127.0.0.1:32307]
[DEBUG] Using pooled Channel '[id: 0xe4d018a1, L:/127.0.0.1:64330 - R:localhost/127.0.0.1:32307]' for 'POST' to 'http://localhost:32307/session/fe5552950928b3b2ab4260c8a8e8a1dc/timeouts'
[DEBUG] Using open Channel [id: 0xe4d018a1, L:/127.0.0.1:64330 - R:localhost/127.0.0.1:32307] for POST '/session/fe5552950928b3b2ab4260c8a8e8a1dc/timeouts'
[DEBUG] 

Request DefaultHttpRequest(decodeResult: success, version: HTTP/1.1)
POST /session/fe5552950928b3b2ab4260c8a8e8a1dc/timeouts HTTP/1.1
User-Agent: selenium/4.8.2 (java windows)
Content-Length: 23
Content-Type: application/json; charset=utf-8
host: localhost:32307
accept: */*

Response DefaultHttpResponse(decodeResult: success, version: HTTP/1.1)
HTTP/1.1 200 OK
Content-Length: 14
Content-Type: application/json; charset=utf-8
cache-control: no-cache

[DEBUG] Adding key: http://localhost:32307 for channel [id: 0xe4d018a1, L:/127.0.0.1:64330 - R:localhost/127.0.0.1:32307]
[DEBUG] Using pooled Channel '[id: 0xe4d018a1, L:/127.0.0.1:64330 - R:localhost/127.0.0.1:32307]' for 'POST' to 'http://localhost:32307/session/fe5552950928b3b2ab4260c8a8e8a1dc/timeouts'
[DEBUG] Using open Channel [id: 0xe4d018a1, L:/127.0.0.1:64330 - R:localhost/127.0.0.1:32307] for POST '/session/fe5552950928b3b2ab4260c8a8e8a1dc/timeouts'
[DEBUG] 

Request DefaultHttpRequest(decodeResult: success, version: HTTP/1.1)
POST /session/fe5552950928b3b2ab4260c8a8e8a1dc/timeouts HTTP/1.1
User-Agent: selenium/4.8.2 (java windows)
Content-Length: 22
Content-Type: application/json; charset=utf-8
host: localhost:32307
accept: */*

Response DefaultHttpResponse(decodeResult: success, version: HTTP/1.1)
HTTP/1.1 200 OK
Content-Length: 14
Content-Type: application/json; charset=utf-8
cache-control: no-cache

[DEBUG] Adding key: http://localhost:32307 for channel [id: 0xe4d018a1, L:/127.0.0.1:64330 - R:localhost/127.0.0.1:32307]
[DEBUG] Using pooled Channel '[id: 0xe4d018a1, L:/127.0.0.1:64330 - R:localhost/127.0.0.1:32307]' for 'POST' to 'http://localhost:32307/session/fe5552950928b3b2ab4260c8a8e8a1dc/element'
[DEBUG] Using open Channel [id: 0xe4d018a1, L:/127.0.0.1:64330 - R:localhost/127.0.0.1:32307] for POST '/session/fe5552950928b3b2ab4260c8a8e8a1dc/element'
[DEBUG] 

Request DefaultHttpRequest(decodeResult: success, version: HTTP/1.1)
POST /session/fe5552950928b3b2ab4260c8a8e8a1dc/element HTTP/1.1
User-Agent: selenium/4.8.2 (java windows)
Content-Length: 49
Content-Type: application/json; charset=utf-8
host: localhost:32307
accept: */*

Response DefaultHttpResponse(decodeResult: success, version: HTTP/1.1)
HTTP/1.1 200 OK
Content-Length: 95
Content-Type: application/json; charset=utf-8
cache-control: no-cache

[DEBUG] Adding key: http://localhost:32307 for channel [id: 0xe4d018a1, L:/127.0.0.1:64330 - R:localhost/127.0.0.1:32307]
[DEBUG] Using pooled Channel '[id: 0xe4d018a1, L:/127.0.0.1:64330 - R:localhost/127.0.0.1:32307]' for 'POST' to 'http://localhost:32307/session/fe5552950928b3b2ab4260c8a8e8a1dc/execute/sync'
[DEBUG] Using open Channel [id: 0xe4d018a1, L:/127.0.0.1:64330 - R:localhost/127.0.0.1:32307] for POST '/session/fe5552950928b3b2ab4260c8a8e8a1dc/execute/sync'
[DEBUG] 

Request DefaultHttpRequest(decodeResult: success, version: HTTP/1.1)
POST /session/fe5552950928b3b2ab4260c8a8e8a1dc/execute/sync HTTP/1.1
User-Agent: selenium/4.8.2 (java windows)
Content-Length: 48814
Content-Type: application/json; charset=utf-8
host: localhost:32307
accept: */*

Response DefaultHttpResponse(decodeResult: success, version: HTTP/1.1)
HTTP/1.1 200 OK
Content-Length: 14
Content-Type: application/json; charset=utf-8
cache-control: no-cache

[DEBUG] Adding key: http://localhost:32307 for channel [id: 0xe4d018a1, L:/127.0.0.1:64330 - R:localhost/127.0.0.1:32307]
[DEBUG] Using pooled Channel '[id: 0xe4d018a1, L:/127.0.0.1:64330 - R:localhost/127.0.0.1:32307]' for 'POST' to 'http://localhost:32307/session/fe5552950928b3b2ab4260c8a8e8a1dc/element'
[DEBUG] Using open Channel [id: 0xe4d018a1, L:/127.0.0.1:64330 - R:localhost/127.0.0.1:32307] for POST '/session/fe5552950928b3b2ab4260c8a8e8a1dc/element'
[DEBUG] 

Request DefaultHttpRequest(decodeResult: success, version: HTTP/1.1)
POST /session/fe5552950928b3b2ab4260c8a8e8a1dc/element HTTP/1.1
User-Agent: selenium/4.8.2 (java windows)
Content-Length: 49
Content-Type: application/json; charset=utf-8
host: localhost:32307
accept: */*

Response DefaultHttpResponse(decodeResult: success, version: HTTP/1.1)
HTTP/1.1 200 OK
Content-Length: 95
Content-Type: application/json; charset=utf-8
cache-control: no-cache

[DEBUG] Adding key: http://localhost:32307 for channel [id: 0xe4d018a1, L:/127.0.0.1:64330 - R:localhost/127.0.0.1:32307]
[DEBUG] Using pooled Channel '[id: 0xe4d018a1, L:/127.0.0.1:64330 - R:localhost/127.0.0.1:32307]' for 'POST' to 'http://localhost:32307/session/fe5552950928b3b2ab4260c8a8e8a1dc/execute/sync'
[DEBUG] Using open Channel [id: 0xe4d018a1, L:/127.0.0.1:64330 - R:localhost/127.0.0.1:32307] for POST '/session/fe5552950928b3b2ab4260c8a8e8a1dc/execute/sync'
[DEBUG] 

Request DefaultHttpRequest(decodeResult: success, version: HTTP/1.1)
POST /session/fe5552950928b3b2ab4260c8a8e8a1dc/execute/sync HTTP/1.1
User-Agent: selenium/4.8.2 (java windows)
Content-Length: 48814
Content-Type: application/json; charset=utf-8
host: localhost:32307
accept: */*

Response DefaultHttpResponse(decodeResult: success, version: HTTP/1.1)
HTTP/1.1 200 OK
Content-Length: 14
Content-Type: application/json; charset=utf-8
cache-control: no-cache

[DEBUG] Adding key: http://localhost:32307 for channel [id: 0xe4d018a1, L:/127.0.0.1:64330 - R:localhost/127.0.0.1:32307]
]]></system-out>
    <system-err><![CDATA[Starting ChromeDriver 113.0.5672.63 (0e1a4471d5ae5bf128b1bd8f4d627c8cbd55f70c-refs/branch-heads/5672@{#912}) on port 32307
Only local connections are allowed.
Please see https://chromedriver.chromium.org/security-considerations for suggestions on keeping ChromeDriver safe.
ChromeDriver was started successfully.
May 30, 2023 7:26:38 PM org.openqa.selenium.devtools.CdpVersionFinder findNearestMatch
WARNING: Unable to find an exact match for CDP version 113, so returning the closest version found: 111
]]></system-err>
  </testcase>
  <testcase name="loginWithValidCredentials[chowdhurygs@gmail.com, shajlee](1)" classname="com.qa.demoblaze.testcases.DemoBlaze_LoginTest" time="0.361">
    <system-out><![CDATA[[DEBUG] Using pooled Channel '[id: 0x5a4aedcb, L:/127.0.0.1:64194 - R:localhost/127.0.0.1:26860]' for 'DELETE' to 'http://localhost:26860/session/996b74df7016ba767bec93e741d5f4b5'
[DEBUG] Using open Channel [id: 0x5a4aedcb, L:/127.0.0.1:64194 - R:localhost/127.0.0.1:26860] for DELETE '/session/996b74df7016ba767bec93e741d5f4b5'
[DEBUG] Channel Closed: [id: 0x208b39b3, L:/127.0.0.1:64201 ! R:localhost/127.0.0.1:64195] with attribute NettyResponseFuture{currentRetry=0,
	isDone=1,
	isCancelled=0,
	asyncHandler=org.asynchttpclient.ws.WebSocketUpgradeHandler@7cfec848,
	nettyRequest=org.asynchttpclient.netty.request.NettyRequest@27525590,
	future=java.util.concurrent.CompletableFuture@17c49bd9[Completed normally],
	uri=ws://localhost:64195/devtools/browser/96001113-5856-4c94-af9e-5ded33925a12,
	keepAlive=true,
	redirectCount=0,
	timeoutsHolder=null,
	inAuth=0,
	touch=1685499975113}
[DEBUG] Closing Channel [id: 0x208b39b3, L:/127.0.0.1:64201 ! R:localhost/127.0.0.1:64195] 
[DEBUG] Entry count for : http://localhost:64195 : 1
[DEBUG] Unexpected I/O exception on channel [id: 0x4129b36a, L:/127.0.0.1:64200 - R:localhost/127.0.0.1:64195]
java.io.IOException: An existing connection was forcibly closed by the remote host
	at sun.nio.ch.SocketDispatcher.read0(Native Method) ~[na:1.8.0_333]
	at sun.nio.ch.SocketDispatcher.read(SocketDispatcher.java:43) ~[na:1.8.0_333]
	at sun.nio.ch.IOUtil.readIntoNativeBuffer(IOUtil.java:223) ~[na:1.8.0_333]
	at sun.nio.ch.IOUtil.read(IOUtil.java:192) ~[na:1.8.0_333]
	at sun.nio.ch.SocketChannelImpl.read(SocketChannelImpl.java:378) ~[na:1.8.0_333]
	at io.netty.buffer.PooledByteBuf.setBytes(PooledByteBuf.java:256) ~[netty-buffer-4.1.90.Final.jar:4.1.90.Final]
	at io.netty.buffer.AbstractByteBuf.writeBytes(AbstractByteBuf.java:1132) ~[netty-buffer-4.1.90.Final.jar:4.1.90.Final]
	at io.netty.channel.socket.nio.NioSocketChannel.doReadBytes(NioSocketChannel.java:357) ~[netty-transport-4.1.90.Final.jar:4.1.90.Final]
	at io.netty.channel.nio.AbstractNioByteChannel$NioByteUnsafe.read(AbstractNioByteChannel.java:151) ~[netty-transport-4.1.90.Final.jar:4.1.90.Final]
	at io.netty.channel.nio.NioEventLoop.processSelectedKey(NioEventLoop.java:788) [netty-transport-4.1.90.Final.jar:4.1.90.Final]
	at io.netty.channel.nio.NioEventLoop.processSelectedKeysOptimized(NioEventLoop.java:724) [netty-transport-4.1.90.Final.jar:4.1.90.Final]
	at io.netty.channel.nio.NioEventLoop.processSelectedKeys(NioEventLoop.java:650) [netty-transport-4.1.90.Final.jar:4.1.90.Final]
	at io.netty.channel.nio.NioEventLoop.run(NioEventLoop.java:562) [netty-transport-4.1.90.Final.jar:4.1.90.Final]
	at io.netty.util.concurrent.SingleThreadEventExecutor$4.run(SingleThreadEventExecutor.java:997) [netty-common-4.1.90.Final.jar:4.1.90.Final]
	at io.netty.util.internal.ThreadExecutorMap$2.run(ThreadExecutorMap.java:74) [netty-common-4.1.90.Final.jar:4.1.90.Final]
	at io.netty.util.concurrent.FastThreadLocalRunnable.run(FastThreadLocalRunnable.java:30) [netty-common-4.1.90.Final.jar:4.1.90.Final]
	at java.lang.Thread.run(Thread.java:750) [na:1.8.0_333]
[DEBUG] Closing Channel [id: 0x4129b36a, L:/127.0.0.1:64200 - R:localhost/127.0.0.1:64195] 
[DEBUG] Channel Closed: [id: 0x4129b36a, L:/127.0.0.1:64200 ! R:localhost/127.0.0.1:64195] with attribute DISCARD
[DEBUG] 

Request DefaultFullHttpRequest(decodeResult: success, version: HTTP/1.1, content: EmptyByteBufBE)
DELETE /session/996b74df7016ba767bec93e741d5f4b5 HTTP/1.1
User-Agent: selenium/4.8.2 (java windows)
Content-Type: application/json; charset=utf-8
host: localhost:26860
accept: */*

Response DefaultHttpResponse(decodeResult: success, version: HTTP/1.1)
HTTP/1.1 200 OK
Content-Length: 14
Content-Type: application/json; charset=utf-8
cache-control: no-cache

[DEBUG] Adding key: http://localhost:26860 for channel [id: 0x5a4aedcb, L:/127.0.0.1:64194 - R:localhost/127.0.0.1:26860]
[DEBUG] Channel Closed: [id: 0x5a4aedcb, L:/127.0.0.1:64194 ! R:localhost/127.0.0.1:26860] with attribute DISCARD
[DEBUG] Entry count for : http://localhost:64195 : 1
[DEBUG] Entry count for : http://localhost:26860 : 1
[DEBUG] Adding Candidate expired Channel [id: 0x4129b36a, L:/127.0.0.1:64200 ! R:localhost/127.0.0.1:64195] isIdleTimeoutExpired=false isRemotelyClosed=true isTtlExpired=false
[DEBUG] Closing Idle Channel [id: 0x4129b36a, L:/127.0.0.1:64200 ! R:localhost/127.0.0.1:64195]
[DEBUG] Adding Candidate expired Channel [id: 0x5a4aedcb, L:/127.0.0.1:64194 ! R:localhost/127.0.0.1:26860] isIdleTimeoutExpired=false isRemotelyClosed=true isTtlExpired=false
[DEBUG] Closing Idle Channel [id: 0x5a4aedcb, L:/127.0.0.1:64194 ! R:localhost/127.0.0.1:26860]
[DEBUG] Closed 2 connections out of 2 in 0 ms
[DEBUG] Using new Channel '[id: 0xbb0d586f, L:/127.0.0.1:64211 - R:localhost/127.0.0.1:12091]' for 'POST' to '/session'
[DEBUG] 

Request DefaultHttpRequest(decodeResult: success, version: HTTP/1.1)
POST /session HTTP/1.1
User-Agent: selenium/4.8.2 (java windows)
Content-Length: 489
Content-Type: application/json; charset=utf-8
host: localhost:12091
accept: */*

Response DefaultHttpResponse(decodeResult: success, version: HTTP/1.1)
HTTP/1.1 200 OK
Content-Length: 859
Content-Type: application/json; charset=utf-8
cache-control: no-cache

[DEBUG] Adding key: http://localhost:12091 for channel [id: 0xbb0d586f, L:/127.0.0.1:64211 - R:localhost/127.0.0.1:12091]
[DEBUG] Using new Channel '[id: 0x924bfb55, L:/127.0.0.1:64217 - R:localhost/127.0.0.1:64212]' for 'GET' to '/json/version'
[DEBUG] 

Request DefaultFullHttpRequest(decodeResult: success, version: HTTP/1.1, content: EmptyByteBufBE)
GET /json/version HTTP/1.1
User-Agent: selenium/4.8.2 (java windows)
host: localhost:64212
accept: */*

Response DefaultHttpResponse(decodeResult: success, version: HTTP/1.1)
HTTP/1.1 200 OK
Content-Security-Policy: frame-ancestors 'none'
Content-Length: 424
Content-Type: application/json; charset=UTF-8

[DEBUG] Adding key: http://localhost:64212 for channel [id: 0x924bfb55, L:/127.0.0.1:64217 - R:localhost/127.0.0.1:64212]
[DEBUG] Using new Channel '[id: 0x0a5622fd, L:/127.0.0.1:64218 - R:localhost/127.0.0.1:64212]' for 'GET' to '/devtools/browser/30d30a3d-b69c-4310-b715-5c481167b36a'
[DEBUG] 

Request DefaultFullHttpRequest(decodeResult: success, version: HTTP/1.1, content: EmptyByteBufBE)
GET /devtools/browser/30d30a3d-b69c-4310-b715-5c481167b36a HTTP/1.1
upgrade: websocket
connection: upgrade
sec-websocket-key: mQo9/m6rDRKCECRes1GTFA==
sec-websocket-version: 13
origin: http://localhost:64212
host: localhost:64212
accept: */*
user-agent: AHC/2.1

Response DefaultHttpResponse(decodeResult: success, version: HTTP/1.1)
HTTP/1.1 101 WebSocket Protocol Handshake
Upgrade: WebSocket
Connection: Upgrade
Sec-WebSocket-Accept: e2jS8UJhZeAoedtJGmMg2xnQe2E=

[DEBUG] Using pooled Channel '[id: 0xbb0d586f, L:/127.0.0.1:64211 - R:localhost/127.0.0.1:12091]' for 'POST' to 'http://localhost:12091/session/90dd349a1d30da308d993b879d1f87cf/window/maximize'
[DEBUG] Using open Channel [id: 0xbb0d586f, L:/127.0.0.1:64211 - R:localhost/127.0.0.1:12091] for POST '/session/90dd349a1d30da308d993b879d1f87cf/window/maximize'
[DEBUG] 

Request DefaultHttpRequest(decodeResult: success, version: HTTP/1.1)
POST /session/90dd349a1d30da308d993b879d1f87cf/window/maximize HTTP/1.1
User-Agent: selenium/4.8.2 (java windows)
Content-Length: 3
Content-Type: application/json; charset=utf-8
host: localhost:12091
accept: */*

Response DefaultHttpResponse(decodeResult: success, version: HTTP/1.1)
HTTP/1.1 200 OK
Content-Length: 51
Content-Type: application/json; charset=utf-8
cache-control: no-cache

[DEBUG] Adding key: http://localhost:12091 for channel [id: 0xbb0d586f, L:/127.0.0.1:64211 - R:localhost/127.0.0.1:12091]
[DEBUG] Using pooled Channel '[id: 0xbb0d586f, L:/127.0.0.1:64211 - R:localhost/127.0.0.1:12091]' for 'POST' to 'http://localhost:12091/session/90dd349a1d30da308d993b879d1f87cf/url'
[DEBUG] Using open Channel [id: 0xbb0d586f, L:/127.0.0.1:64211 - R:localhost/127.0.0.1:12091] for POST '/session/90dd349a1d30da308d993b879d1f87cf/url'
[DEBUG] Entry count for : http://localhost:64212 : 1
[DEBUG] 

Request DefaultHttpRequest(decodeResult: success, version: HTTP/1.1)
POST /session/90dd349a1d30da308d993b879d1f87cf/url HTTP/1.1
User-Agent: selenium/4.8.2 (java windows)
Content-Length: 74
Content-Type: application/json; charset=utf-8
host: localhost:12091
accept: */*

Response DefaultHttpResponse(decodeResult: success, version: HTTP/1.1)
HTTP/1.1 200 OK
Content-Length: 14
Content-Type: application/json; charset=utf-8
cache-control: no-cache

[DEBUG] Adding key: http://localhost:12091 for channel [id: 0xbb0d586f, L:/127.0.0.1:64211 - R:localhost/127.0.0.1:12091]
[DEBUG] Using pooled Channel '[id: 0xbb0d586f, L:/127.0.0.1:64211 - R:localhost/127.0.0.1:12091]' for 'POST' to 'http://localhost:12091/session/90dd349a1d30da308d993b879d1f87cf/timeouts'
[DEBUG] Using open Channel [id: 0xbb0d586f, L:/127.0.0.1:64211 - R:localhost/127.0.0.1:12091] for POST '/session/90dd349a1d30da308d993b879d1f87cf/timeouts'
[DEBUG] 

Request DefaultHttpRequest(decodeResult: success, version: HTTP/1.1)
POST /session/90dd349a1d30da308d993b879d1f87cf/timeouts HTTP/1.1
User-Agent: selenium/4.8.2 (java windows)
Content-Length: 23
Content-Type: application/json; charset=utf-8
host: localhost:12091
accept: */*

Response DefaultHttpResponse(decodeResult: success, version: HTTP/1.1)
HTTP/1.1 200 OK
Content-Length: 14
Content-Type: application/json; charset=utf-8
cache-control: no-cache

[DEBUG] Adding key: http://localhost:12091 for channel [id: 0xbb0d586f, L:/127.0.0.1:64211 - R:localhost/127.0.0.1:12091]
[DEBUG] Using pooled Channel '[id: 0xbb0d586f, L:/127.0.0.1:64211 - R:localhost/127.0.0.1:12091]' for 'POST' to 'http://localhost:12091/session/90dd349a1d30da308d993b879d1f87cf/timeouts'
[DEBUG] Using open Channel [id: 0xbb0d586f, L:/127.0.0.1:64211 - R:localhost/127.0.0.1:12091] for POST '/session/90dd349a1d30da308d993b879d1f87cf/timeouts'
[DEBUG] 

Request DefaultHttpRequest(decodeResult: success, version: HTTP/1.1)
POST /session/90dd349a1d30da308d993b879d1f87cf/timeouts HTTP/1.1
User-Agent: selenium/4.8.2 (java windows)
Content-Length: 23
Content-Type: application/json; charset=utf-8
host: localhost:12091
accept: */*

Response DefaultHttpResponse(decodeResult: success, version: HTTP/1.1)
HTTP/1.1 200 OK
Content-Length: 14
Content-Type: application/json; charset=utf-8
cache-control: no-cache

[DEBUG] Adding key: http://localhost:12091 for channel [id: 0xbb0d586f, L:/127.0.0.1:64211 - R:localhost/127.0.0.1:12091]
[DEBUG] Using pooled Channel '[id: 0xbb0d586f, L:/127.0.0.1:64211 - R:localhost/127.0.0.1:12091]' for 'POST' to 'http://localhost:12091/session/90dd349a1d30da308d993b879d1f87cf/timeouts'
[DEBUG] Using open Channel [id: 0xbb0d586f, L:/127.0.0.1:64211 - R:localhost/127.0.0.1:12091] for POST '/session/90dd349a1d30da308d993b879d1f87cf/timeouts'
[DEBUG] 

Request DefaultHttpRequest(decodeResult: success, version: HTTP/1.1)
POST /session/90dd349a1d30da308d993b879d1f87cf/timeouts HTTP/1.1
User-Agent: selenium/4.8.2 (java windows)
Content-Length: 22
Content-Type: application/json; charset=utf-8
host: localhost:12091
accept: */*

Response DefaultHttpResponse(decodeResult: success, version: HTTP/1.1)
HTTP/1.1 200 OK
Content-Length: 14
Content-Type: application/json; charset=utf-8
cache-control: no-cache

[DEBUG] Adding key: http://localhost:12091 for channel [id: 0xbb0d586f, L:/127.0.0.1:64211 - R:localhost/127.0.0.1:12091]
[DEBUG] Using pooled Channel '[id: 0xbb0d586f, L:/127.0.0.1:64211 - R:localhost/127.0.0.1:12091]' for 'POST' to 'http://localhost:12091/session/90dd349a1d30da308d993b879d1f87cf/element'
[DEBUG] Using open Channel [id: 0xbb0d586f, L:/127.0.0.1:64211 - R:localhost/127.0.0.1:12091] for POST '/session/90dd349a1d30da308d993b879d1f87cf/element'
[DEBUG] 

Request DefaultHttpRequest(decodeResult: success, version: HTTP/1.1)
POST /session/90dd349a1d30da308d993b879d1f87cf/element HTTP/1.1
User-Agent: selenium/4.8.2 (java windows)
Content-Length: 51
Content-Type: application/json; charset=utf-8
host: localhost:12091
accept: */*

Response DefaultHttpResponse(decodeResult: success, version: HTTP/1.1)
HTTP/1.1 200 OK
Content-Length: 95
Content-Type: application/json; charset=utf-8
cache-control: no-cache

[DEBUG] Adding key: http://localhost:12091 for channel [id: 0xbb0d586f, L:/127.0.0.1:64211 - R:localhost/127.0.0.1:12091]
[DEBUG] Using pooled Channel '[id: 0xbb0d586f, L:/127.0.0.1:64211 - R:localhost/127.0.0.1:12091]' for 'POST' to 'http://localhost:12091/session/90dd349a1d30da308d993b879d1f87cf/element/F362454E09BC96F1B4C5A11F93533B79_element_41/click'
[DEBUG] Using open Channel [id: 0xbb0d586f, L:/127.0.0.1:64211 - R:localhost/127.0.0.1:12091] for POST '/session/90dd349a1d30da308d993b879d1f87cf/element/F362454E09BC96F1B4C5A11F93533B79_element_41/click'
[DEBUG] 

Request DefaultHttpRequest(decodeResult: success, version: HTTP/1.1)
POST /session/90dd349a1d30da308d993b879d1f87cf/element/F362454E09BC96F1B4C5A11F93533B79_element_41/click HTTP/1.1
User-Agent: selenium/4.8.2 (java windows)
Content-Length: 57
Content-Type: application/json; charset=utf-8
host: localhost:12091
accept: */*

Response DefaultHttpResponse(decodeResult: success, version: HTTP/1.1)
HTTP/1.1 200 OK
Content-Length: 14
Content-Type: application/json; charset=utf-8
cache-control: no-cache

[DEBUG] Adding key: http://localhost:12091 for channel [id: 0xbb0d586f, L:/127.0.0.1:64211 - R:localhost/127.0.0.1:12091]
[DEBUG] Using pooled Channel '[id: 0xbb0d586f, L:/127.0.0.1:64211 - R:localhost/127.0.0.1:12091]' for 'POST' to 'http://localhost:12091/session/90dd349a1d30da308d993b879d1f87cf/element'
[DEBUG] Using open Channel [id: 0xbb0d586f, L:/127.0.0.1:64211 - R:localhost/127.0.0.1:12091] for POST '/session/90dd349a1d30da308d993b879d1f87cf/element'
[DEBUG] 

Request DefaultHttpRequest(decodeResult: success, version: HTTP/1.1)
POST /session/90dd349a1d30da308d993b879d1f87cf/element HTTP/1.1
User-Agent: selenium/4.8.2 (java windows)
Content-Length: 58
Content-Type: application/json; charset=utf-8
host: localhost:12091
accept: */*

Response DefaultHttpResponse(decodeResult: success, version: HTTP/1.1)
HTTP/1.1 200 OK
Content-Length: 95
Content-Type: application/json; charset=utf-8
cache-control: no-cache

[DEBUG] Adding key: http://localhost:12091 for channel [id: 0xbb0d586f, L:/127.0.0.1:64211 - R:localhost/127.0.0.1:12091]
[DEBUG] Using pooled Channel '[id: 0xbb0d586f, L:/127.0.0.1:64211 - R:localhost/127.0.0.1:12091]' for 'POST' to 'http://localhost:12091/session/90dd349a1d30da308d993b879d1f87cf/element/F362454E09BC96F1B4C5A11F93533B79_element_42/value'
[DEBUG] Using open Channel [id: 0xbb0d586f, L:/127.0.0.1:64211 - R:localhost/127.0.0.1:12091] for POST '/session/90dd349a1d30da308d993b879d1f87cf/element/F362454E09BC96F1B4C5A11F93533B79_element_42/value'
[DEBUG] 

Request DefaultHttpRequest(decodeResult: success, version: HTTP/1.1)
POST /session/90dd349a1d30da308d993b879d1f87cf/element/F362454E09BC96F1B4C5A11F93533B79_element_42/value HTTP/1.1
User-Agent: selenium/4.8.2 (java windows)
Content-Length: 298
Content-Type: application/json; charset=utf-8
host: localhost:12091
accept: */*

Response DefaultHttpResponse(decodeResult: success, version: HTTP/1.1)
HTTP/1.1 200 OK
Content-Length: 14
Content-Type: application/json; charset=utf-8
cache-control: no-cache

[DEBUG] Adding key: http://localhost:12091 for channel [id: 0xbb0d586f, L:/127.0.0.1:64211 - R:localhost/127.0.0.1:12091]
[DEBUG] Using pooled Channel '[id: 0xbb0d586f, L:/127.0.0.1:64211 - R:localhost/127.0.0.1:12091]' for 'POST' to 'http://localhost:12091/session/90dd349a1d30da308d993b879d1f87cf/element'
[DEBUG] Using open Channel [id: 0xbb0d586f, L:/127.0.0.1:64211 - R:localhost/127.0.0.1:12091] for POST '/session/90dd349a1d30da308d993b879d1f87cf/element'
[DEBUG] 

Request DefaultHttpRequest(decodeResult: success, version: HTTP/1.1)
POST /session/90dd349a1d30da308d993b879d1f87cf/element HTTP/1.1
User-Agent: selenium/4.8.2 (java windows)
Content-Length: 58
Content-Type: application/json; charset=utf-8
host: localhost:12091
accept: */*

Response DefaultHttpResponse(decodeResult: success, version: HTTP/1.1)
HTTP/1.1 200 OK
Content-Length: 95
Content-Type: application/json; charset=utf-8
cache-control: no-cache

[DEBUG] Adding key: http://localhost:12091 for channel [id: 0xbb0d586f, L:/127.0.0.1:64211 - R:localhost/127.0.0.1:12091]
[DEBUG] Using pooled Channel '[id: 0xbb0d586f, L:/127.0.0.1:64211 - R:localhost/127.0.0.1:12091]' for 'POST' to 'http://localhost:12091/session/90dd349a1d30da308d993b879d1f87cf/element/F362454E09BC96F1B4C5A11F93533B79_element_19/value'
[DEBUG] Using open Channel [id: 0xbb0d586f, L:/127.0.0.1:64211 - R:localhost/127.0.0.1:12091] for POST '/session/90dd349a1d30da308d993b879d1f87cf/element/F362454E09BC96F1B4C5A11F93533B79_element_19/value'
[DEBUG] 

Request DefaultHttpRequest(decodeResult: success, version: HTTP/1.1)
POST /session/90dd349a1d30da308d993b879d1f87cf/element/F362454E09BC96F1B4C5A11F93533B79_element_19/value HTTP/1.1
User-Agent: selenium/4.8.2 (java windows)
Content-Length: 158
Content-Type: application/json; charset=utf-8
host: localhost:12091
accept: */*

Response DefaultHttpResponse(decodeResult: success, version: HTTP/1.1)
HTTP/1.1 200 OK
Content-Length: 14
Content-Type: application/json; charset=utf-8
cache-control: no-cache

[DEBUG] Adding key: http://localhost:12091 for channel [id: 0xbb0d586f, L:/127.0.0.1:64211 - R:localhost/127.0.0.1:12091]
[DEBUG] Using pooled Channel '[id: 0xbb0d586f, L:/127.0.0.1:64211 - R:localhost/127.0.0.1:12091]' for 'POST' to 'http://localhost:12091/session/90dd349a1d30da308d993b879d1f87cf/element'
[DEBUG] Using open Channel [id: 0xbb0d586f, L:/127.0.0.1:64211 - R:localhost/127.0.0.1:12091] for POST '/session/90dd349a1d30da308d993b879d1f87cf/element'
[DEBUG] 

Request DefaultHttpRequest(decodeResult: success, version: HTTP/1.1)
POST /session/90dd349a1d30da308d993b879d1f87cf/element HTTP/1.1
User-Agent: selenium/4.8.2 (java windows)
Content-Length: 72
Content-Type: application/json; charset=utf-8
host: localhost:12091
accept: */*

Response DefaultHttpResponse(decodeResult: success, version: HTTP/1.1)
HTTP/1.1 200 OK
Content-Length: 95
Content-Type: application/json; charset=utf-8
cache-control: no-cache

[DEBUG] Adding key: http://localhost:12091 for channel [id: 0xbb0d586f, L:/127.0.0.1:64211 - R:localhost/127.0.0.1:12091]
[DEBUG] Using pooled Channel '[id: 0xbb0d586f, L:/127.0.0.1:64211 - R:localhost/127.0.0.1:12091]' for 'POST' to 'http://localhost:12091/session/90dd349a1d30da308d993b879d1f87cf/element/F362454E09BC96F1B4C5A11F93533B79_element_58/click'
[DEBUG] Using open Channel [id: 0xbb0d586f, L:/127.0.0.1:64211 - R:localhost/127.0.0.1:12091] for POST '/session/90dd349a1d30da308d993b879d1f87cf/element/F362454E09BC96F1B4C5A11F93533B79_element_58/click'
[DEBUG] 

Request DefaultHttpRequest(decodeResult: success, version: HTTP/1.1)
POST /session/90dd349a1d30da308d993b879d1f87cf/element/F362454E09BC96F1B4C5A11F93533B79_element_58/click HTTP/1.1
User-Agent: selenium/4.8.2 (java windows)
Content-Length: 57
Content-Type: application/json; charset=utf-8
host: localhost:12091
accept: */*

Response DefaultHttpResponse(decodeResult: success, version: HTTP/1.1)
HTTP/1.1 200 OK
Content-Length: 14
Content-Type: application/json; charset=utf-8
cache-control: no-cache

[DEBUG] Adding key: http://localhost:12091 for channel [id: 0xbb0d586f, L:/127.0.0.1:64211 - R:localhost/127.0.0.1:12091]
[DEBUG] Using pooled Channel '[id: 0xbb0d586f, L:/127.0.0.1:64211 - R:localhost/127.0.0.1:12091]' for 'POST' to 'http://localhost:12091/session/90dd349a1d30da308d993b879d1f87cf/element'
[DEBUG] Using open Channel [id: 0xbb0d586f, L:/127.0.0.1:64211 - R:localhost/127.0.0.1:12091] for POST '/session/90dd349a1d30da308d993b879d1f87cf/element'
[DEBUG] 

Request DefaultHttpRequest(decodeResult: success, version: HTTP/1.1)
POST /session/90dd349a1d30da308d993b879d1f87cf/element HTTP/1.1
User-Agent: selenium/4.8.2 (java windows)
Content-Length: 56
Content-Type: application/json; charset=utf-8
host: localhost:12091
accept: */*

Response DefaultHttpResponse(decodeResult: success, version: HTTP/1.1)
HTTP/1.1 200 OK
Content-Length: 95
Content-Type: application/json; charset=utf-8
cache-control: no-cache

[DEBUG] Adding key: http://localhost:12091 for channel [id: 0xbb0d586f, L:/127.0.0.1:64211 - R:localhost/127.0.0.1:12091]
[DEBUG] Using pooled Channel '[id: 0xbb0d586f, L:/127.0.0.1:64211 - R:localhost/127.0.0.1:12091]' for 'GET' to 'http://localhost:12091/session/90dd349a1d30da308d993b879d1f87cf/element/F362454E09BC96F1B4C5A11F93533B79_element_59/text'
[DEBUG] Using open Channel [id: 0xbb0d586f, L:/127.0.0.1:64211 - R:localhost/127.0.0.1:12091] for GET '/session/90dd349a1d30da308d993b879d1f87cf/element/F362454E09BC96F1B4C5A11F93533B79_element_59/text'
[DEBUG] 

Request DefaultFullHttpRequest(decodeResult: success, version: HTTP/1.1, content: EmptyByteBufBE)
GET /session/90dd349a1d30da308d993b879d1f87cf/element/F362454E09BC96F1B4C5A11F93533B79_element_59/text HTTP/1.1
User-Agent: selenium/4.8.2 (java windows)
Cache-Control: no-cache
Content-Type: application/json; charset=utf-8
host: localhost:12091
accept: */*

Response DefaultHttpResponse(decodeResult: success, version: HTTP/1.1)
HTTP/1.1 200 OK
Content-Length: 12
Content-Type: application/json; charset=utf-8
cache-control: no-cache

[DEBUG] Adding key: http://localhost:12091 for channel [id: 0xbb0d586f, L:/127.0.0.1:64211 - R:localhost/127.0.0.1:12091]
]]></system-out>
    <system-err><![CDATA[Starting ChromeDriver 113.0.5672.63 (0e1a4471d5ae5bf128b1bd8f4d627c8cbd55f70c-refs/branch-heads/5672@{#912}) on port 12091
Only local connections are allowed.
Please see https://chromedriver.chromium.org/security-considerations for suggestions on keeping ChromeDriver safe.
ChromeDriver was started successfully.
May 30, 2023 7:26:17 PM org.openqa.selenium.devtools.CdpVersionFinder findNearestMatch
WARNING: Unable to find an exact match for CDP version 113, so returning the closest version found: 111
]]></system-err>
  </testcase>
  <testcase name="loginWithValidCredentials[chowdhurygs@rediffmail.com, shajlee](2)" classname="com.qa.demoblaze.testcases.DemoBlaze_LoginTest" time="0.365">
    <system-out><![CDATA[[DEBUG] Channel Closed: [id: 0x0a5622fd, L:/127.0.0.1:64218 ! R:localhost/127.0.0.1:64212] with attribute NettyResponseFuture{currentRetry=0,
	isDone=1,
	isCancelled=0,
	asyncHandler=org.asynchttpclient.ws.WebSocketUpgradeHandler@7106d110,
	nettyRequest=org.asynchttpclient.netty.request.NettyRequest@34044154,
	future=java.util.concurrent.CompletableFuture@3aa7c00e[Completed normally],
	uri=ws://localhost:64212/devtools/browser/30d30a3d-b69c-4310-b715-5c481167b36a,
	keepAlive=true,
	redirectCount=0,
	timeoutsHolder=null,
	inAuth=0,
	touch=1685499977896}
[DEBUG] Closing Channel [id: 0x0a5622fd, L:/127.0.0.1:64218 ! R:localhost/127.0.0.1:64212] 
[DEBUG] Using pooled Channel '[id: 0xbb0d586f, L:/127.0.0.1:64211 - R:localhost/127.0.0.1:12091]' for 'DELETE' to 'http://localhost:12091/session/90dd349a1d30da308d993b879d1f87cf'
[DEBUG] Using open Channel [id: 0xbb0d586f, L:/127.0.0.1:64211 - R:localhost/127.0.0.1:12091] for DELETE '/session/90dd349a1d30da308d993b879d1f87cf'
[DEBUG] Unexpected I/O exception on channel [id: 0x924bfb55, L:/127.0.0.1:64217 - R:localhost/127.0.0.1:64212]
java.io.IOException: An existing connection was forcibly closed by the remote host
	at sun.nio.ch.SocketDispatcher.read0(Native Method) ~[na:1.8.0_333]
	at sun.nio.ch.SocketDispatcher.read(SocketDispatcher.java:43) ~[na:1.8.0_333]
	at sun.nio.ch.IOUtil.readIntoNativeBuffer(IOUtil.java:223) ~[na:1.8.0_333]
	at sun.nio.ch.IOUtil.read(IOUtil.java:192) ~[na:1.8.0_333]
	at sun.nio.ch.SocketChannelImpl.read(SocketChannelImpl.java:378) ~[na:1.8.0_333]
	at io.netty.buffer.PooledByteBuf.setBytes(PooledByteBuf.java:256) ~[netty-buffer-4.1.90.Final.jar:4.1.90.Final]
	at io.netty.buffer.AbstractByteBuf.writeBytes(AbstractByteBuf.java:1132) ~[netty-buffer-4.1.90.Final.jar:4.1.90.Final]
	at io.netty.channel.socket.nio.NioSocketChannel.doReadBytes(NioSocketChannel.java:357) ~[netty-transport-4.1.90.Final.jar:4.1.90.Final]
	at io.netty.channel.nio.AbstractNioByteChannel$NioByteUnsafe.read(AbstractNioByteChannel.java:151) ~[netty-transport-4.1.90.Final.jar:4.1.90.Final]
	at io.netty.channel.nio.NioEventLoop.processSelectedKey(NioEventLoop.java:788) [netty-transport-4.1.90.Final.jar:4.1.90.Final]
	at io.netty.channel.nio.NioEventLoop.processSelectedKeysOptimized(NioEventLoop.java:724) [netty-transport-4.1.90.Final.jar:4.1.90.Final]
	at io.netty.channel.nio.NioEventLoop.processSelectedKeys(NioEventLoop.java:650) [netty-transport-4.1.90.Final.jar:4.1.90.Final]
	at io.netty.channel.nio.NioEventLoop.run(NioEventLoop.java:562) [netty-transport-4.1.90.Final.jar:4.1.90.Final]
	at io.netty.util.concurrent.SingleThreadEventExecutor$4.run(SingleThreadEventExecutor.java:997) [netty-common-4.1.90.Final.jar:4.1.90.Final]
	at io.netty.util.internal.ThreadExecutorMap$2.run(ThreadExecutorMap.java:74) [netty-common-4.1.90.Final.jar:4.1.90.Final]
	at io.netty.util.concurrent.FastThreadLocalRunnable.run(FastThreadLocalRunnable.java:30) [netty-common-4.1.90.Final.jar:4.1.90.Final]
	at java.lang.Thread.run(Thread.java:750) [na:1.8.0_333]
[DEBUG] Closing Channel [id: 0x924bfb55, L:/127.0.0.1:64217 - R:localhost/127.0.0.1:64212] 
[DEBUG] Channel Closed: [id: 0x924bfb55, L:/127.0.0.1:64217 ! R:localhost/127.0.0.1:64212] with attribute DISCARD
[DEBUG] 

Request DefaultFullHttpRequest(decodeResult: success, version: HTTP/1.1, content: EmptyByteBufBE)
DELETE /session/90dd349a1d30da308d993b879d1f87cf HTTP/1.1
User-Agent: selenium/4.8.2 (java windows)
Content-Type: application/json; charset=utf-8
host: localhost:12091
accept: */*

Response DefaultHttpResponse(decodeResult: success, version: HTTP/1.1)
HTTP/1.1 200 OK
Content-Length: 14
Content-Type: application/json; charset=utf-8
cache-control: no-cache

[DEBUG] Adding key: http://localhost:12091 for channel [id: 0xbb0d586f, L:/127.0.0.1:64211 - R:localhost/127.0.0.1:12091]
[DEBUG] Channel Closed: [id: 0xbb0d586f, L:/127.0.0.1:64211 ! R:localhost/127.0.0.1:12091] with attribute DISCARD
[DEBUG] Entry count for : http://localhost:12091 : 1
[DEBUG] Entry count for : http://localhost:64212 : 1
[DEBUG] Adding Candidate expired Channel [id: 0xbb0d586f, L:/127.0.0.1:64211 ! R:localhost/127.0.0.1:12091] isIdleTimeoutExpired=false isRemotelyClosed=true isTtlExpired=false
[DEBUG] Closing Idle Channel [id: 0xbb0d586f, L:/127.0.0.1:64211 ! R:localhost/127.0.0.1:12091]
[DEBUG] Adding Candidate expired Channel [id: 0x924bfb55, L:/127.0.0.1:64217 ! R:localhost/127.0.0.1:64212] isIdleTimeoutExpired=false isRemotelyClosed=true isTtlExpired=false
[DEBUG] Closing Idle Channel [id: 0x924bfb55, L:/127.0.0.1:64217 ! R:localhost/127.0.0.1:64212]
[DEBUG] Closed 2 connections out of 2 in 0 ms
[DEBUG] Using new Channel '[id: 0xf6c2f7bf, L:/127.0.0.1:64228 - R:localhost/127.0.0.1:23075]' for 'POST' to '/session'
[DEBUG] 

Request DefaultHttpRequest(decodeResult: success, version: HTTP/1.1)
POST /session HTTP/1.1
User-Agent: selenium/4.8.2 (java windows)
Content-Length: 489
Content-Type: application/json; charset=utf-8
host: localhost:23075
accept: */*

Response DefaultHttpResponse(decodeResult: success, version: HTTP/1.1)
HTTP/1.1 200 OK
Content-Length: 859
Content-Type: application/json; charset=utf-8
cache-control: no-cache

[DEBUG] Adding key: http://localhost:23075 for channel [id: 0xf6c2f7bf, L:/127.0.0.1:64228 - R:localhost/127.0.0.1:23075]
[DEBUG] Using new Channel '[id: 0x628b133d, L:/127.0.0.1:64234 - R:localhost/127.0.0.1:64229]' for 'GET' to '/json/version'
[DEBUG] 

Request DefaultFullHttpRequest(decodeResult: success, version: HTTP/1.1, content: EmptyByteBufBE)
GET /json/version HTTP/1.1
User-Agent: selenium/4.8.2 (java windows)
host: localhost:64229
accept: */*

Response DefaultHttpResponse(decodeResult: success, version: HTTP/1.1)
HTTP/1.1 200 OK
Content-Security-Policy: frame-ancestors 'none'
Content-Length: 424
Content-Type: application/json; charset=UTF-8

[DEBUG] Adding key: http://localhost:64229 for channel [id: 0x628b133d, L:/127.0.0.1:64234 - R:localhost/127.0.0.1:64229]
[DEBUG] Using new Channel '[id: 0xd2900b39, L:/127.0.0.1:64235 - R:localhost/127.0.0.1:64229]' for 'GET' to '/devtools/browser/ff6a1efa-c314-4080-b1d8-4105154b7e67'
[DEBUG] 

Request DefaultFullHttpRequest(decodeResult: success, version: HTTP/1.1, content: EmptyByteBufBE)
GET /devtools/browser/ff6a1efa-c314-4080-b1d8-4105154b7e67 HTTP/1.1
upgrade: websocket
connection: upgrade
sec-websocket-key: pkpK5qpz7JZ4Kk9SKHEOPA==
sec-websocket-version: 13
origin: http://localhost:64229
host: localhost:64229
accept: */*
user-agent: AHC/2.1

Response DefaultHttpResponse(decodeResult: success, version: HTTP/1.1)
HTTP/1.1 101 WebSocket Protocol Handshake
Upgrade: WebSocket
Connection: Upgrade
Sec-WebSocket-Accept: 5H2lpDmYG8Jz2dITRTMJfqUhW8w=

[DEBUG] Using pooled Channel '[id: 0xf6c2f7bf, L:/127.0.0.1:64228 - R:localhost/127.0.0.1:23075]' for 'POST' to 'http://localhost:23075/session/c70e24ea414b5e1c59e4f7f3e7437dbf/window/maximize'
[DEBUG] Using open Channel [id: 0xf6c2f7bf, L:/127.0.0.1:64228 - R:localhost/127.0.0.1:23075] for POST '/session/c70e24ea414b5e1c59e4f7f3e7437dbf/window/maximize'
[DEBUG] 

Request DefaultHttpRequest(decodeResult: success, version: HTTP/1.1)
POST /session/c70e24ea414b5e1c59e4f7f3e7437dbf/window/maximize HTTP/1.1
User-Agent: selenium/4.8.2 (java windows)
Content-Length: 3
Content-Type: application/json; charset=utf-8
host: localhost:23075
accept: */*

Response DefaultHttpResponse(decodeResult: success, version: HTTP/1.1)
HTTP/1.1 200 OK
Content-Length: 51
Content-Type: application/json; charset=utf-8
cache-control: no-cache

[DEBUG] Adding key: http://localhost:23075 for channel [id: 0xf6c2f7bf, L:/127.0.0.1:64228 - R:localhost/127.0.0.1:23075]
[DEBUG] Using pooled Channel '[id: 0xf6c2f7bf, L:/127.0.0.1:64228 - R:localhost/127.0.0.1:23075]' for 'POST' to 'http://localhost:23075/session/c70e24ea414b5e1c59e4f7f3e7437dbf/url'
[DEBUG] Using open Channel [id: 0xf6c2f7bf, L:/127.0.0.1:64228 - R:localhost/127.0.0.1:23075] for POST '/session/c70e24ea414b5e1c59e4f7f3e7437dbf/url'
[DEBUG] 

Request DefaultHttpRequest(decodeResult: success, version: HTTP/1.1)
POST /session/c70e24ea414b5e1c59e4f7f3e7437dbf/url HTTP/1.1
User-Agent: selenium/4.8.2 (java windows)
Content-Length: 74
Content-Type: application/json; charset=utf-8
host: localhost:23075
accept: */*

Response DefaultHttpResponse(decodeResult: success, version: HTTP/1.1)
HTTP/1.1 200 OK
Content-Length: 14
Content-Type: application/json; charset=utf-8
cache-control: no-cache

[DEBUG] Adding key: http://localhost:23075 for channel [id: 0xf6c2f7bf, L:/127.0.0.1:64228 - R:localhost/127.0.0.1:23075]
[DEBUG] Using pooled Channel '[id: 0xf6c2f7bf, L:/127.0.0.1:64228 - R:localhost/127.0.0.1:23075]' for 'POST' to 'http://localhost:23075/session/c70e24ea414b5e1c59e4f7f3e7437dbf/timeouts'
[DEBUG] Using open Channel [id: 0xf6c2f7bf, L:/127.0.0.1:64228 - R:localhost/127.0.0.1:23075] for POST '/session/c70e24ea414b5e1c59e4f7f3e7437dbf/timeouts'
[DEBUG] 

Request DefaultHttpRequest(decodeResult: success, version: HTTP/1.1)
POST /session/c70e24ea414b5e1c59e4f7f3e7437dbf/timeouts HTTP/1.1
User-Agent: selenium/4.8.2 (java windows)
Content-Length: 23
Content-Type: application/json; charset=utf-8
host: localhost:23075
accept: */*

Response DefaultHttpResponse(decodeResult: success, version: HTTP/1.1)
HTTP/1.1 200 OK
Content-Length: 14
Content-Type: application/json; charset=utf-8
cache-control: no-cache

[DEBUG] Adding key: http://localhost:23075 for channel [id: 0xf6c2f7bf, L:/127.0.0.1:64228 - R:localhost/127.0.0.1:23075]
[DEBUG] Using pooled Channel '[id: 0xf6c2f7bf, L:/127.0.0.1:64228 - R:localhost/127.0.0.1:23075]' for 'POST' to 'http://localhost:23075/session/c70e24ea414b5e1c59e4f7f3e7437dbf/timeouts'
[DEBUG] Using open Channel [id: 0xf6c2f7bf, L:/127.0.0.1:64228 - R:localhost/127.0.0.1:23075] for POST '/session/c70e24ea414b5e1c59e4f7f3e7437dbf/timeouts'
[DEBUG] 

Request DefaultHttpRequest(decodeResult: success, version: HTTP/1.1)
POST /session/c70e24ea414b5e1c59e4f7f3e7437dbf/timeouts HTTP/1.1
User-Agent: selenium/4.8.2 (java windows)
Content-Length: 23
Content-Type: application/json; charset=utf-8
host: localhost:23075
accept: */*

Response DefaultHttpResponse(decodeResult: success, version: HTTP/1.1)
HTTP/1.1 200 OK
Content-Length: 14
Content-Type: application/json; charset=utf-8
cache-control: no-cache

[DEBUG] Adding key: http://localhost:23075 for channel [id: 0xf6c2f7bf, L:/127.0.0.1:64228 - R:localhost/127.0.0.1:23075]
[DEBUG] Using pooled Channel '[id: 0xf6c2f7bf, L:/127.0.0.1:64228 - R:localhost/127.0.0.1:23075]' for 'POST' to 'http://localhost:23075/session/c70e24ea414b5e1c59e4f7f3e7437dbf/timeouts'
[DEBUG] Using open Channel [id: 0xf6c2f7bf, L:/127.0.0.1:64228 - R:localhost/127.0.0.1:23075] for POST '/session/c70e24ea414b5e1c59e4f7f3e7437dbf/timeouts'
[DEBUG] 

Request DefaultHttpRequest(decodeResult: success, version: HTTP/1.1)
POST /session/c70e24ea414b5e1c59e4f7f3e7437dbf/timeouts HTTP/1.1
User-Agent: selenium/4.8.2 (java windows)
Content-Length: 22
Content-Type: application/json; charset=utf-8
host: localhost:23075
accept: */*

Response DefaultHttpResponse(decodeResult: success, version: HTTP/1.1)
HTTP/1.1 200 OK
Content-Length: 14
Content-Type: application/json; charset=utf-8
cache-control: no-cache

[DEBUG] Adding key: http://localhost:23075 for channel [id: 0xf6c2f7bf, L:/127.0.0.1:64228 - R:localhost/127.0.0.1:23075]
[DEBUG] Using pooled Channel '[id: 0xf6c2f7bf, L:/127.0.0.1:64228 - R:localhost/127.0.0.1:23075]' for 'POST' to 'http://localhost:23075/session/c70e24ea414b5e1c59e4f7f3e7437dbf/element'
[DEBUG] Using open Channel [id: 0xf6c2f7bf, L:/127.0.0.1:64228 - R:localhost/127.0.0.1:23075] for POST '/session/c70e24ea414b5e1c59e4f7f3e7437dbf/element'
[DEBUG] 

Request DefaultHttpRequest(decodeResult: success, version: HTTP/1.1)
POST /session/c70e24ea414b5e1c59e4f7f3e7437dbf/element HTTP/1.1
User-Agent: selenium/4.8.2 (java windows)
Content-Length: 51
Content-Type: application/json; charset=utf-8
host: localhost:23075
accept: */*

Response DefaultHttpResponse(decodeResult: success, version: HTTP/1.1)
HTTP/1.1 200 OK
Content-Length: 95
Content-Type: application/json; charset=utf-8
cache-control: no-cache

[DEBUG] Adding key: http://localhost:23075 for channel [id: 0xf6c2f7bf, L:/127.0.0.1:64228 - R:localhost/127.0.0.1:23075]
[DEBUG] Using pooled Channel '[id: 0xf6c2f7bf, L:/127.0.0.1:64228 - R:localhost/127.0.0.1:23075]' for 'POST' to 'http://localhost:23075/session/c70e24ea414b5e1c59e4f7f3e7437dbf/element/719180D5AC25691851D6502EFFF2A23B_element_42/click'
[DEBUG] Using open Channel [id: 0xf6c2f7bf, L:/127.0.0.1:64228 - R:localhost/127.0.0.1:23075] for POST '/session/c70e24ea414b5e1c59e4f7f3e7437dbf/element/719180D5AC25691851D6502EFFF2A23B_element_42/click'
[DEBUG] 

Request DefaultHttpRequest(decodeResult: success, version: HTTP/1.1)
POST /session/c70e24ea414b5e1c59e4f7f3e7437dbf/element/719180D5AC25691851D6502EFFF2A23B_element_42/click HTTP/1.1
User-Agent: selenium/4.8.2 (java windows)
Content-Length: 57
Content-Type: application/json; charset=utf-8
host: localhost:23075
accept: */*

Response DefaultHttpResponse(decodeResult: success, version: HTTP/1.1)
HTTP/1.1 200 OK
Content-Length: 14
Content-Type: application/json; charset=utf-8
cache-control: no-cache

[DEBUG] Adding key: http://localhost:23075 for channel [id: 0xf6c2f7bf, L:/127.0.0.1:64228 - R:localhost/127.0.0.1:23075]
[DEBUG] Using pooled Channel '[id: 0xf6c2f7bf, L:/127.0.0.1:64228 - R:localhost/127.0.0.1:23075]' for 'POST' to 'http://localhost:23075/session/c70e24ea414b5e1c59e4f7f3e7437dbf/element'
[DEBUG] Using open Channel [id: 0xf6c2f7bf, L:/127.0.0.1:64228 - R:localhost/127.0.0.1:23075] for POST '/session/c70e24ea414b5e1c59e4f7f3e7437dbf/element'
[DEBUG] 

Request DefaultHttpRequest(decodeResult: success, version: HTTP/1.1)
POST /session/c70e24ea414b5e1c59e4f7f3e7437dbf/element HTTP/1.1
User-Agent: selenium/4.8.2 (java windows)
Content-Length: 58
Content-Type: application/json; charset=utf-8
host: localhost:23075
accept: */*

Response DefaultHttpResponse(decodeResult: success, version: HTTP/1.1)
HTTP/1.1 200 OK
Content-Length: 95
Content-Type: application/json; charset=utf-8
cache-control: no-cache

[DEBUG] Adding key: http://localhost:23075 for channel [id: 0xf6c2f7bf, L:/127.0.0.1:64228 - R:localhost/127.0.0.1:23075]
[DEBUG] Using pooled Channel '[id: 0xf6c2f7bf, L:/127.0.0.1:64228 - R:localhost/127.0.0.1:23075]' for 'POST' to 'http://localhost:23075/session/c70e24ea414b5e1c59e4f7f3e7437dbf/element/719180D5AC25691851D6502EFFF2A23B_element_43/value'
[DEBUG] Using open Channel [id: 0xf6c2f7bf, L:/127.0.0.1:64228 - R:localhost/127.0.0.1:23075] for POST '/session/c70e24ea414b5e1c59e4f7f3e7437dbf/element/719180D5AC25691851D6502EFFF2A23B_element_43/value'
[DEBUG] Entry count for : http://localhost:64229 : 1
[DEBUG] 

Request DefaultHttpRequest(decodeResult: success, version: HTTP/1.1)
POST /session/c70e24ea414b5e1c59e4f7f3e7437dbf/element/719180D5AC25691851D6502EFFF2A23B_element_43/value HTTP/1.1
User-Agent: selenium/4.8.2 (java windows)
Content-Length: 348
Content-Type: application/json; charset=utf-8
host: localhost:23075
accept: */*

Response DefaultHttpResponse(decodeResult: success, version: HTTP/1.1)
HTTP/1.1 200 OK
Content-Length: 14
Content-Type: application/json; charset=utf-8
cache-control: no-cache

[DEBUG] Adding key: http://localhost:23075 for channel [id: 0xf6c2f7bf, L:/127.0.0.1:64228 - R:localhost/127.0.0.1:23075]
[DEBUG] Using pooled Channel '[id: 0xf6c2f7bf, L:/127.0.0.1:64228 - R:localhost/127.0.0.1:23075]' for 'POST' to 'http://localhost:23075/session/c70e24ea414b5e1c59e4f7f3e7437dbf/element'
[DEBUG] Using open Channel [id: 0xf6c2f7bf, L:/127.0.0.1:64228 - R:localhost/127.0.0.1:23075] for POST '/session/c70e24ea414b5e1c59e4f7f3e7437dbf/element'
[DEBUG] 

Request DefaultHttpRequest(decodeResult: success, version: HTTP/1.1)
POST /session/c70e24ea414b5e1c59e4f7f3e7437dbf/element HTTP/1.1
User-Agent: selenium/4.8.2 (java windows)
Content-Length: 58
Content-Type: application/json; charset=utf-8
host: localhost:23075
accept: */*

Response DefaultHttpResponse(decodeResult: success, version: HTTP/1.1)
HTTP/1.1 200 OK
Content-Length: 95
Content-Type: application/json; charset=utf-8
cache-control: no-cache

[DEBUG] Adding key: http://localhost:23075 for channel [id: 0xf6c2f7bf, L:/127.0.0.1:64228 - R:localhost/127.0.0.1:23075]
[DEBUG] Using pooled Channel '[id: 0xf6c2f7bf, L:/127.0.0.1:64228 - R:localhost/127.0.0.1:23075]' for 'POST' to 'http://localhost:23075/session/c70e24ea414b5e1c59e4f7f3e7437dbf/element/719180D5AC25691851D6502EFFF2A23B_element_35/value'
[DEBUG] Using open Channel [id: 0xf6c2f7bf, L:/127.0.0.1:64228 - R:localhost/127.0.0.1:23075] for POST '/session/c70e24ea414b5e1c59e4f7f3e7437dbf/element/719180D5AC25691851D6502EFFF2A23B_element_35/value'
[DEBUG] 

Request DefaultHttpRequest(decodeResult: success, version: HTTP/1.1)
POST /session/c70e24ea414b5e1c59e4f7f3e7437dbf/element/719180D5AC25691851D6502EFFF2A23B_element_35/value HTTP/1.1
User-Agent: selenium/4.8.2 (java windows)
Content-Length: 158
Content-Type: application/json; charset=utf-8
host: localhost:23075
accept: */*

Response DefaultHttpResponse(decodeResult: success, version: HTTP/1.1)
HTTP/1.1 200 OK
Content-Length: 14
Content-Type: application/json; charset=utf-8
cache-control: no-cache

[DEBUG] Adding key: http://localhost:23075 for channel [id: 0xf6c2f7bf, L:/127.0.0.1:64228 - R:localhost/127.0.0.1:23075]
[DEBUG] Using pooled Channel '[id: 0xf6c2f7bf, L:/127.0.0.1:64228 - R:localhost/127.0.0.1:23075]' for 'POST' to 'http://localhost:23075/session/c70e24ea414b5e1c59e4f7f3e7437dbf/element'
[DEBUG] Using open Channel [id: 0xf6c2f7bf, L:/127.0.0.1:64228 - R:localhost/127.0.0.1:23075] for POST '/session/c70e24ea414b5e1c59e4f7f3e7437dbf/element'
[DEBUG] 

Request DefaultHttpRequest(decodeResult: success, version: HTTP/1.1)
POST /session/c70e24ea414b5e1c59e4f7f3e7437dbf/element HTTP/1.1
User-Agent: selenium/4.8.2 (java windows)
Content-Length: 72
Content-Type: application/json; charset=utf-8
host: localhost:23075
accept: */*

Response DefaultHttpResponse(decodeResult: success, version: HTTP/1.1)
HTTP/1.1 200 OK
Content-Length: 95
Content-Type: application/json; charset=utf-8
cache-control: no-cache

[DEBUG] Adding key: http://localhost:23075 for channel [id: 0xf6c2f7bf, L:/127.0.0.1:64228 - R:localhost/127.0.0.1:23075]
[DEBUG] Using pooled Channel '[id: 0xf6c2f7bf, L:/127.0.0.1:64228 - R:localhost/127.0.0.1:23075]' for 'POST' to 'http://localhost:23075/session/c70e24ea414b5e1c59e4f7f3e7437dbf/element/719180D5AC25691851D6502EFFF2A23B_element_52/click'
[DEBUG] Using open Channel [id: 0xf6c2f7bf, L:/127.0.0.1:64228 - R:localhost/127.0.0.1:23075] for POST '/session/c70e24ea414b5e1c59e4f7f3e7437dbf/element/719180D5AC25691851D6502EFFF2A23B_element_52/click'
[DEBUG] 

Request DefaultHttpRequest(decodeResult: success, version: HTTP/1.1)
POST /session/c70e24ea414b5e1c59e4f7f3e7437dbf/element/719180D5AC25691851D6502EFFF2A23B_element_52/click HTTP/1.1
User-Agent: selenium/4.8.2 (java windows)
Content-Length: 57
Content-Type: application/json; charset=utf-8
host: localhost:23075
accept: */*

Response DefaultHttpResponse(decodeResult: success, version: HTTP/1.1)
HTTP/1.1 200 OK
Content-Length: 14
Content-Type: application/json; charset=utf-8
cache-control: no-cache

[DEBUG] Adding key: http://localhost:23075 for channel [id: 0xf6c2f7bf, L:/127.0.0.1:64228 - R:localhost/127.0.0.1:23075]
[DEBUG] Using pooled Channel '[id: 0xf6c2f7bf, L:/127.0.0.1:64228 - R:localhost/127.0.0.1:23075]' for 'POST' to 'http://localhost:23075/session/c70e24ea414b5e1c59e4f7f3e7437dbf/element'
[DEBUG] Using open Channel [id: 0xf6c2f7bf, L:/127.0.0.1:64228 - R:localhost/127.0.0.1:23075] for POST '/session/c70e24ea414b5e1c59e4f7f3e7437dbf/element'
[DEBUG] 

Request DefaultHttpRequest(decodeResult: success, version: HTTP/1.1)
POST /session/c70e24ea414b5e1c59e4f7f3e7437dbf/element HTTP/1.1
User-Agent: selenium/4.8.2 (java windows)
Content-Length: 56
Content-Type: application/json; charset=utf-8
host: localhost:23075
accept: */*

Response DefaultHttpResponse(decodeResult: success, version: HTTP/1.1)
HTTP/1.1 200 OK
Content-Length: 95
Content-Type: application/json; charset=utf-8
cache-control: no-cache

[DEBUG] Adding key: http://localhost:23075 for channel [id: 0xf6c2f7bf, L:/127.0.0.1:64228 - R:localhost/127.0.0.1:23075]
[DEBUG] Using pooled Channel '[id: 0xf6c2f7bf, L:/127.0.0.1:64228 - R:localhost/127.0.0.1:23075]' for 'GET' to 'http://localhost:23075/session/c70e24ea414b5e1c59e4f7f3e7437dbf/element/719180D5AC25691851D6502EFFF2A23B_element_53/text'
[DEBUG] Using open Channel [id: 0xf6c2f7bf, L:/127.0.0.1:64228 - R:localhost/127.0.0.1:23075] for GET '/session/c70e24ea414b5e1c59e4f7f3e7437dbf/element/719180D5AC25691851D6502EFFF2A23B_element_53/text'
[DEBUG] 

Request DefaultFullHttpRequest(decodeResult: success, version: HTTP/1.1, content: EmptyByteBufBE)
GET /session/c70e24ea414b5e1c59e4f7f3e7437dbf/element/719180D5AC25691851D6502EFFF2A23B_element_53/text HTTP/1.1
User-Agent: selenium/4.8.2 (java windows)
Cache-Control: no-cache
Content-Type: application/json; charset=utf-8
host: localhost:23075
accept: */*

Response DefaultHttpResponse(decodeResult: success, version: HTTP/1.1)
HTTP/1.1 200 OK
Content-Length: 12
Content-Type: application/json; charset=utf-8
cache-control: no-cache

[DEBUG] Adding key: http://localhost:23075 for channel [id: 0xf6c2f7bf, L:/127.0.0.1:64228 - R:localhost/127.0.0.1:23075]
]]></system-out>
    <system-err><![CDATA[Starting ChromeDriver 113.0.5672.63 (0e1a4471d5ae5bf128b1bd8f4d627c8cbd55f70c-refs/branch-heads/5672@{#912}) on port 23075
Only local connections are allowed.
Please see https://chromedriver.chromium.org/security-considerations for suggestions on keeping ChromeDriver safe.
ChromeDriver was started successfully.
May 30, 2023 7:26:20 PM org.openqa.selenium.devtools.CdpVersionFinder findNearestMatch
WARNING: Unable to find an exact match for CDP version 113, so returning the closest version found: 111
]]></system-err>
  </testcase>
  <testcase name="loginWithValidCredentials[golam.chodhury@gmail.com, shajlee](3)" classname="com.qa.demoblaze.testcases.DemoBlaze_LoginTest" time="0.381">
    <system-out><![CDATA[[DEBUG] Channel Closed: [id: 0xd2900b39, L:/127.0.0.1:64235 ! R:localhost/127.0.0.1:64229] with attribute NettyResponseFuture{currentRetry=0,
	isDone=1,
	isCancelled=0,
	asyncHandler=org.asynchttpclient.ws.WebSocketUpgradeHandler@6ee2ab0b,
	nettyRequest=org.asynchttpclient.netty.request.NettyRequest@2be028b3,
	future=java.util.concurrent.CompletableFuture@19cb2cac[Completed normally],
	uri=ws://localhost:64229/devtools/browser/ff6a1efa-c314-4080-b1d8-4105154b7e67,
	keepAlive=true,
	redirectCount=0,
	timeoutsHolder=null,
	inAuth=0,
	touch=1685499980597}
[DEBUG] Closing Channel [id: 0xd2900b39, L:/127.0.0.1:64235 ! R:localhost/127.0.0.1:64229] 
[DEBUG] Using pooled Channel '[id: 0xf6c2f7bf, L:/127.0.0.1:64228 - R:localhost/127.0.0.1:23075]' for 'DELETE' to 'http://localhost:23075/session/c70e24ea414b5e1c59e4f7f3e7437dbf'
[DEBUG] Using open Channel [id: 0xf6c2f7bf, L:/127.0.0.1:64228 - R:localhost/127.0.0.1:23075] for DELETE '/session/c70e24ea414b5e1c59e4f7f3e7437dbf'
[DEBUG] Unexpected I/O exception on channel [id: 0x628b133d, L:/127.0.0.1:64234 - R:localhost/127.0.0.1:64229]
java.io.IOException: An existing connection was forcibly closed by the remote host
	at sun.nio.ch.SocketDispatcher.read0(Native Method) ~[na:1.8.0_333]
	at sun.nio.ch.SocketDispatcher.read(SocketDispatcher.java:43) ~[na:1.8.0_333]
	at sun.nio.ch.IOUtil.readIntoNativeBuffer(IOUtil.java:223) ~[na:1.8.0_333]
	at sun.nio.ch.IOUtil.read(IOUtil.java:192) ~[na:1.8.0_333]
	at sun.nio.ch.SocketChannelImpl.read(SocketChannelImpl.java:378) ~[na:1.8.0_333]
	at io.netty.buffer.PooledByteBuf.setBytes(PooledByteBuf.java:256) ~[netty-buffer-4.1.90.Final.jar:4.1.90.Final]
	at io.netty.buffer.AbstractByteBuf.writeBytes(AbstractByteBuf.java:1132) ~[netty-buffer-4.1.90.Final.jar:4.1.90.Final]
	at io.netty.channel.socket.nio.NioSocketChannel.doReadBytes(NioSocketChannel.java:357) ~[netty-transport-4.1.90.Final.jar:4.1.90.Final]
	at io.netty.channel.nio.AbstractNioByteChannel$NioByteUnsafe.read(AbstractNioByteChannel.java:151) ~[netty-transport-4.1.90.Final.jar:4.1.90.Final]
	at io.netty.channel.nio.NioEventLoop.processSelectedKey(NioEventLoop.java:788) [netty-transport-4.1.90.Final.jar:4.1.90.Final]
	at io.netty.channel.nio.NioEventLoop.processSelectedKeysOptimized(NioEventLoop.java:724) [netty-transport-4.1.90.Final.jar:4.1.90.Final]
	at io.netty.channel.nio.NioEventLoop.processSelectedKeys(NioEventLoop.java:650) [netty-transport-4.1.90.Final.jar:4.1.90.Final]
	at io.netty.channel.nio.NioEventLoop.run(NioEventLoop.java:562) [netty-transport-4.1.90.Final.jar:4.1.90.Final]
	at io.netty.util.concurrent.SingleThreadEventExecutor$4.run(SingleThreadEventExecutor.java:997) [netty-common-4.1.90.Final.jar:4.1.90.Final]
	at io.netty.util.internal.ThreadExecutorMap$2.run(ThreadExecutorMap.java:74) [netty-common-4.1.90.Final.jar:4.1.90.Final]
	at io.netty.util.concurrent.FastThreadLocalRunnable.run(FastThreadLocalRunnable.java:30) [netty-common-4.1.90.Final.jar:4.1.90.Final]
	at java.lang.Thread.run(Thread.java:750) [na:1.8.0_333]
[DEBUG] Closing Channel [id: 0x628b133d, L:/127.0.0.1:64234 - R:localhost/127.0.0.1:64229] 
[DEBUG] Channel Closed: [id: 0x628b133d, L:/127.0.0.1:64234 ! R:localhost/127.0.0.1:64229] with attribute DISCARD
[DEBUG] 

Request DefaultFullHttpRequest(decodeResult: success, version: HTTP/1.1, content: EmptyByteBufBE)
DELETE /session/c70e24ea414b5e1c59e4f7f3e7437dbf HTTP/1.1
User-Agent: selenium/4.8.2 (java windows)
Content-Type: application/json; charset=utf-8
host: localhost:23075
accept: */*

Response DefaultHttpResponse(decodeResult: success, version: HTTP/1.1)
HTTP/1.1 200 OK
Content-Length: 14
Content-Type: application/json; charset=utf-8
cache-control: no-cache

[DEBUG] Adding key: http://localhost:23075 for channel [id: 0xf6c2f7bf, L:/127.0.0.1:64228 - R:localhost/127.0.0.1:23075]
[DEBUG] Channel Closed: [id: 0xf6c2f7bf, L:/127.0.0.1:64228 ! R:localhost/127.0.0.1:23075] with attribute DISCARD
[DEBUG] Entry count for : http://localhost:64229 : 1
[DEBUG] Entry count for : http://localhost:23075 : 1
[...]
[DEBUG] 

Request DefaultFullHttpRequest(decodeResult: success, version: HTTP/1.1, content: EmptyByteBufBE)
GET /session/1805ac9561b4130fc9728f2b9e9d86e8/alert/text HTTP/1.1
User-Agent: selenium/4.8.2 (java windows)
Cache-Control: no-cache
Content-Type: application/json; charset=utf-8
host: localhost:4995
accept: */*

Response DefaultHttpResponse(decodeResult: success, version: HTTP/1.1)
HTTP/1.1 200 OK
Content-Length: 31
Content-Type: application/json; charset=utf-8
cache-control: no-cache

[DEBUG] Adding key: http://localhost:4995 for channel [id: 0x4919ec2c, L:/127.0.0.1:64296 - R:localhost/127.0.0.1:4995]
[DEBUG] Using pooled Channel '[id: 0x4919ec2c, L:/127.0.0.1:64296 - R:localhost/127.0.0.1:4995]' for 'POST' to 'http://localhost:4995/session/1805ac9561b4130fc9728f2b9e9d86e8/alert/accept'
[DEBUG] Using open Channel [id: 0x4919ec2c, L:/127.0.0.1:64296 - R:localhost/127.0.0.1:4995] for POST '/session/1805ac9561b4130fc9728f2b9e9d86e8/alert/accept'
[DEBUG] 

Request DefaultHttpRequest(decodeResult: success, version: HTTP/1.1)
POST /session/1805ac9561b4130fc9728f2b9e9d86e8/alert/accept HTTP/1.1
User-Agent: selenium/4.8.2 (java windows)
Content-Length: 3
Content-Type: application/json; charset=utf-8
host: localhost:4995
accept: */*

Response DefaultHttpResponse(decodeResult: success, version: HTTP/1.1)
HTTP/1.1 200 OK
Content-Length: 14
Content-Type: application/json; charset=utf-8
cache-control: no-cache

[DEBUG] Adding key: http://localhost:4995 for channel [id: 0x4919ec2c, L:/127.0.0.1:64296 - R:localhost/127.0.0.1:4995]
]]></system-out>
    <system-err><![CDATA[Starting ChromeDriver 113.0.5672.63 (0e1a4471d5ae5bf128b1bd8f4d627c8cbd55f70c-refs/branch-heads/5672@{#912}) on port 4995
Only local connections are allowed.
Please see https://chromedriver.chromium.org/security-considerations for suggestions on keeping ChromeDriver safe.
ChromeDriver was started successfully.
May 30, 2023 7:26:31 PM org.openqa.selenium.devtools.CdpVersionFinder findNearestMatch
WARNING: Unable to find an exact match for CDP version 113, so returning the closest version found: 111
]]></system-err>
  </testcase>
  <testcase name="phoneCategory" classname="com.qa.demoblaze.testcases.DemoBlaze_CategoriesTest" time="0.289">
    <system-out><![CDATA[[DEBUG] Channel Closed: [id: 0x705795ba, L:/127.0.0.1:64303 ! R:localhost/127.0.0.1:64297] with attribute NettyResponseFuture{currentRetry=0,
	isDone=1,
	isCancelled=0,
	asyncHandler=org.asynchttpclient.ws.WebSocketUpgradeHandler@bb5a65f,
	nettyRequest=org.asynchttpclient.netty.request.NettyRequest@6e470f0c,
	future=java.util.concurrent.CompletableFuture@734a82db[Completed normally],
	uri=ws://localhost:64297/devtools/browser/701d055e-855a-4cbe-bb4d-88267b638d2d,
	keepAlive=true,
	redirectCount=0,
	timeoutsHolder=null,
	inAuth=0,
	touch=1685499991519}
[DEBUG] Closing Channel [id: 0x705795ba, L:/127.0.0.1:64303 ! R:localhost/127.0.0.1:64297] 
[DEBUG] Using pooled Channel '[id: 0x4919ec2c, L:/127.0.0.1:64296 - R:localhost/127.0.0.1:4995]' for 'DELETE' to 'http://localhost:4995/session/1805ac9561b4130fc9728f2b9e9d86e8'
[DEBUG] Using open Channel [id: 0x4919ec2c, L:/127.0.0.1:64296 - R:localhost/127.0.0.1:4995] for DELETE '/session/1805ac9561b4130fc9728f2b9e9d86e8'
[DEBUG] Unexpected I/O exception on channel [id: 0x73f3ed4b, L:/127.0.0.1:64302 - R:localhost/127.0.0.1:64297]
java.io.IOException: An existing connection was forcibly closed by the remote host
	at sun.nio.ch.SocketDispatcher.read0(Native Method) ~[na:1.8.0_333]
	at sun.nio.ch.SocketDispatcher.read(SocketDispatcher.java:43) ~[na:1.8.0_333]
	at sun.nio.ch.IOUtil.readIntoNativeBuffer(IOUtil.java:223) ~[na:1.8.0_333]
	at sun.nio.ch.IOUtil.read(IOUtil.java:192) ~[na:1.8.0_333]
	at sun.nio.ch.SocketChannelImpl.read(SocketChannelImpl.java:378) ~[na:1.8.0_333]
	at io.netty.buffer.PooledByteBuf.setBytes(PooledByteBuf.java:256) ~[netty-buffer-4.1.90.Final.jar:4.1.90.Final]
	at io.netty.buffer.AbstractByteBuf.writeBytes(AbstractByteBuf.java:1132) ~[netty-buffer-4.1.90.Final.jar:4.1.90.Final]
	at io.netty.channel.socket.nio.NioSocketChannel.doReadBytes(NioSocketChannel.java:357) ~[netty-transport-4.1.90.Final.jar:4.1.90.Final]
	at io.netty.channel.nio.AbstractNioByteChannel$NioByteUnsafe.read(AbstractNioByteChannel.java:151) ~[netty-transport-4.1.90.Final.jar:4.1.90.Final]
	at io.netty.channel.nio.NioEventLoop.processSelectedKey(NioEventLoop.java:788) [netty-transport-4.1.90.Final.jar:4.1.90.Final]
	at io.netty.channel.nio.NioEventLoop.processSelectedKeysOptimized(NioEventLoop.java:724) [netty-transport-4.1.90.Final.jar:4.1.90.Final]
	at io.netty.channel.nio.NioEventLoop.processSelectedKeys(NioEventLoop.java:650) [netty-transport-4.1.90.Final.jar:4.1.90.Final]
	at io.netty.channel.nio.NioEventLoop.run(NioEventLoop.java:562) [netty-transport-4.1.90.Final.jar:4.1.90.Final]
	at io.netty.util.concurrent.SingleThreadEventExecutor$4.run(SingleThreadEventExecutor.java:997) [netty-common-4.1.90.Final.jar:4.1.90.Final]
	at io.netty.util.internal.ThreadExecutorMap$2.run(ThreadExecutorMap.java:74) [netty-common-4.1.90.Final.jar:4.1.90.Final]
	at io.netty.util.concurrent.FastThreadLocalRunnable.run(FastThreadLocalRunnable.java:30) [netty-common-4.1.90.Final.jar:4.1.90.Final]
	at java.lang.Thread.run(Thread.java:750) [na:1.8.0_333]
[DEBUG] Closing Channel [id: 0x73f3ed4b, L:/127.0.0.1:64302 - R:localhost/127.0.0.1:64297] 
[DEBUG] Channel Closed: [id: 0x73f3ed4b, L:/127.0.0.1:64302 ! R:localhost/127.0.0.1:64297] with attribute DISCARD
[DEBUG] 

Request DefaultFullHttpRequest(decodeResult: success, version: HTTP/1.1, content: EmptyByteBufBE)
DELETE /session/1805ac9561b4130fc9728f2b9e9d86e8 HTTP/1.1
User-Agent: selenium/4.8.2 (java windows)
Content-Type: application/json; charset=utf-8
host: localhost:4995
accept: */*

Response DefaultHttpResponse(decodeResult: success, version: HTTP/1.1)
HTTP/1.1 200 OK
Content-Length: 14
Content-Type: application/json; charset=utf-8
cache-control: no-cache

[DEBUG] Adding key: http://localhost:4995 for channel [id: 0x4919ec2c, L:/127.0.0.1:64296 - R:localhost/127.0.0.1:4995]
[DEBUG] Channel Closed: [id: 0x4919ec2c, L:/127.0.0.1:64296 ! R:localhost/127.0.0.1:4995] with attribute DISCARD
[DEBUG] Entry count for : http://localhost:4995 : 1
[DEBUG] Entry count for : http://localhost:64297 : 1
[DEBUG] Adding Candidate expired Channel [id: 0x4919ec2c, L:/127.0.0.1:64296 ! R:localhost/127.0.0.1:4995] isIdleTimeoutExpired=false isRemotelyClosed=true isTtlExpired=false
[DEBUG] Closing Idle Channel [id: 0x4919ec2c, L:/127.0.0.1:64296 ! R:localhost/127.0.0.1:4995]
[DEBUG] Adding Candidate expired Channel [id: 0x73f3ed4b, L:/127.0.0.1:64302 ! R:localhost/127.0.0.1:64297] isIdleTimeoutExpired=false isRemotelyClosed=true isTtlExpired=false
[DEBUG] Closing Idle Channel [id: 0x73f3ed4b, L:/127.0.0.1:64302 ! R:localhost/127.0.0.1:64297]
[DEBUG] Closed 2 connections out of 2 in 0 ms
[DEBUG] Using new Channel '[id: 0xa8905105, L:/127.0.0.1:64313 - R:localhost/127.0.0.1:23544]' for 'POST' to '/session'
[DEBUG] 

Request DefaultHttpRequest(decodeResult: success, version: HTTP/1.1)
POST /session HTTP/1.1
User-Agent: selenium/4.8.2 (java windows)
Content-Length: 489
Content-Type: application/json; charset=utf-8
host: localhost:23544
accept: */*

Response DefaultHttpResponse(decodeResult: success, version: HTTP/1.1)
HTTP/1.1 200 OK
Content-Length: 859
Content-Type: application/json; charset=utf-8
cache-control: no-cache

[DEBUG] Adding key: http://localhost:23544 for channel [id: 0xa8905105, L:/127.0.0.1:64313 - R:localhost/127.0.0.1:23544]
[DEBUG] Using new Channel '[id: 0xae7089d2, L:/127.0.0.1:64319 - R:localhost/127.0.0.1:64314]' for 'GET' to '/json/version'
[DEBUG] 

Request DefaultFullHttpRequest(decodeResult: success, version: HTTP/1.1, content: EmptyByteBufBE)
GET /json/version HTTP/1.1
User-Agent: selenium/4.8.2 (java windows)
host: localhost:64314
accept: */*

Response DefaultHttpResponse(decodeResult: success, version: HTTP/1.1)
HTTP/1.1 200 OK
Content-Security-Policy: frame-ancestors 'none'
Content-Length: 424
Content-Type: application/json; charset=UTF-8

[DEBUG] Adding key: http://localhost:64314 for channel [id: 0xae7089d2, L:/127.0.0.1:64319 - R:localhost/127.0.0.1:64314]
[DEBUG] Using new Channel '[id: 0x9a3ae74b, L:/127.0.0.1:64320 - R:localhost/127.0.0.1:64314]' for 'GET' to '/devtools/browser/25fad763-d89f-42f1-9d36-fe59af4c8b5a'
[DEBUG] 

Request DefaultFullHttpRequest(decodeResult: success, version: HTTP/1.1, content: EmptyByteBufBE)
GET /devtools/browser/25fad763-d89f-42f1-9d36-fe59af4c8b5a HTTP/1.1
upgrade: websocket
connection: upgrade
sec-websocket-key: MmI0n2O2ZU3NACmu7LeTsQ==
sec-websocket-version: 13
origin: http://localhost:64314
host: localhost:64314
accept: */*
user-agent: AHC/2.1

Response DefaultHttpResponse(decodeResult: success, version: HTTP/1.1)
HTTP/1.1 101 WebSocket Protocol Handshake
Upgrade: WebSocket
Connection: Upgrade
Sec-WebSocket-Accept: KWNeEQ/nDCr2lJ22eLAFS+yPgdo=

[DEBUG] Using pooled Channel '[id: 0xa8905105, L:/127.0.0.1:64313 - R:localhost/127.0.0.1:23544]' for 'POST' to 'http://localhost:23544/session/0bb7ec56883e21ab4a9927e1f5f12f38/window/maximize'
[DEBUG] Using open Channel [id: 0xa8905105, L:/127.0.0.1:64313 - R:localhost/127.0.0.1:23544] for POST '/session/0bb7ec56883e21ab4a9927e1f5f12f38/window/maximize'
[DEBUG] 

Request DefaultHttpRequest(decodeResult: success, version: HTTP/1.1)
POST /session/0bb7ec56883e21ab4a9927e1f5f12f38/window/maximize HTTP/1.1
User-Agent: selenium/4.8.2 (java windows)
Content-Length: 3
Content-Type: application/json; charset=utf-8
host: localhost:23544
accept: */*

Response DefaultHttpResponse(decodeResult: success, version: HTTP/1.1)
HTTP/1.1 200 OK
Content-Length: 51
Content-Type: application/json; charset=utf-8
cache-control: no-cache

[DEBUG] Adding key: http://localhost:23544 for channel [id: 0xa8905105, L:/127.0.0.1:64313 - R:localhost/127.0.0.1:23544]
[DEBUG] Using pooled Channel '[id: 0xa8905105, L:/127.0.0.1:64313 - R:localhost/127.0.0.1:23544]' for 'POST' to 'http://localhost:23544/session/0bb7ec56883e21ab4a9927e1f5f12f38/url'
[DEBUG] Using open Channel [id: 0xa8905105, L:/127.0.0.1:64313 - R:localhost/127.0.0.1:23544] for POST '/session/0bb7ec56883e21ab4a9927e1f5f12f38/url'
[DEBUG] Entry count for : http://localhost:64314 : 1
[DEBUG] 

Request DefaultHttpRequest(decodeResult: success, version: HTTP/1.1)
POST /session/0bb7ec56883e21ab4a9927e1f5f12f38/url HTTP/1.1
User-Agent: selenium/4.8.2 (java windows)
Content-Length: 74
Content-Type: application/json; charset=utf-8
host: localhost:23544
accept: */*

Response DefaultHttpResponse(decodeResult: success, version: HTTP/1.1)
HTTP/1.1 200 OK
Content-Length: 14
Content-Type: application/json; charset=utf-8
cache-control: no-cache

[DEBUG] Adding key: http://localhost:23544 for channel [id: 0xa8905105, L:/127.0.0.1:64313 - R:localhost/127.0.0.1:23544]
[DEBUG] Using pooled Channel '[id: 0xa8905105, L:/127.0.0.1:64313 - R:localhost/127.0.0.1:23544]' for 'POST' to 'http://localhost:23544/session/0bb7ec56883e21ab4a9927e1f5f12f38/timeouts'
[DEBUG] Using open Channel [id: 0xa8905105, L:/127.0.0.1:64313 - R:localhost/127.0.0.1:23544] for POST '/session/0bb7ec56883e21ab4a9927e1f5f12f38/timeouts'
[DEBUG] 

Request DefaultHttpRequest(decodeResult: success, version: HTTP/1.1)
POST /session/0bb7ec56883e21ab4a9927e1f5f12f38/timeouts HTTP/1.1
User-Agent: selenium/4.8.2 (java windows)
Content-Length: 23
Content-Type: application/json; charset=utf-8
host: localhost:23544
accept: */*

Response DefaultHttpResponse(decodeResult: success, version: HTTP/1.1)
HTTP/1.1 200 OK
Content-Length: 14
Content-Type: application/json; charset=utf-8
cache-control: no-cache

[DEBUG] Adding key: http://localhost:23544 for channel [id: 0xa8905105, L:/127.0.0.1:64313 - R:localhost/127.0.0.1:23544]
[DEBUG] Using pooled Channel '[id: 0xa8905105, L:/127.0.0.1:64313 - R:localhost/127.0.0.1:23544]' for 'POST' to 'http://localhost:23544/session/0bb7ec56883e21ab4a9927e1f5f12f38/timeouts'
[DEBUG] Using open Channel [id: 0xa8905105, L:/127.0.0.1:64313 - R:localhost/127.0.0.1:23544] for POST '/session/0bb7ec56883e21ab4a9927e1f5f12f38/timeouts'
[DEBUG] 

Request DefaultHttpRequest(decodeResult: success, version: HTTP/1.1)
POST /session/0bb7ec56883e21ab4a9927e1f5f12f38/timeouts HTTP/1.1
User-Agent: selenium/4.8.2 (java windows)
Content-Length: 23
Content-Type: application/json; charset=utf-8
host: localhost:23544
accept: */*

Response DefaultHttpResponse(decodeResult: success, version: HTTP/1.1)
HTTP/1.1 200 OK
Content-Length: 14
Content-Type: application/json; charset=utf-8
cache-control: no-cache

[DEBUG] Adding key: http://localhost:23544 for channel [id: 0xa8905105, L:/127.0.0.1:64313 - R:localhost/127.0.0.1:23544]
[DEBUG] Using pooled Channel '[id: 0xa8905105, L:/127.0.0.1:64313 - R:localhost/127.0.0.1:23544]' for 'POST' to 'http://localhost:23544/session/0bb7ec56883e21ab4a9927e1f5f12f38/timeouts'
[DEBUG] Using open Channel [id: 0xa8905105, L:/127.0.0.1:64313 - R:localhost/127.0.0.1:23544] for POST '/session/0bb7ec56883e21ab4a9927e1f5f12f38/timeouts'
[DEBUG] 

Request DefaultHttpRequest(decodeResult: success, version: HTTP/1.1)
POST /session/0bb7ec56883e21ab4a9927e1f5f12f38/timeouts HTTP/1.1
User-Agent: selenium/4.8.2 (java windows)
Content-Length: 22
Content-Type: application/json; charset=utf-8
host: localhost:23544
accept: */*

Response DefaultHttpResponse(decodeResult: success, version: HTTP/1.1)
HTTP/1.1 200 OK
Content-Length: 14
Content-Type: application/json; charset=utf-8
cache-control: no-cache

[DEBUG] Adding key: http://localhost:23544 for channel [id: 0xa8905105, L:/127.0.0.1:64313 - R:localhost/127.0.0.1:23544]
[DEBUG] Using pooled Channel '[id: 0xa8905105, L:/127.0.0.1:64313 - R:localhost/127.0.0.1:23544]' for 'POST' to 'http://localhost:23544/session/0bb7ec56883e21ab4a9927e1f5f12f38/element'
[DEBUG] Using open Channel [id: 0xa8905105, L:/127.0.0.1:64313 - R:localhost/127.0.0.1:23544] for POST '/session/0bb7ec56883e21ab4a9927e1f5f12f38/element'
[DEBUG] 

Request DefaultHttpRequest(decodeResult: success, version: HTTP/1.1)
POST /session/0bb7ec56883e21ab4a9927e1f5f12f38/element HTTP/1.1
User-Agent: selenium/4.8.2 (java windows)
Content-Length: 67
Content-Type: application/json; charset=utf-8
host: localhost:23544
accept: */*

Response DefaultHttpResponse(decodeResult: success, version: HTTP/1.1)
HTTP/1.1 200 OK
Content-Length: 95
Content-Type: application/json; charset=utf-8
cache-control: no-cache

[DEBUG] Adding key: http://localhost:23544 for channel [id: 0xa8905105, L:/127.0.0.1:64313 - R:localhost/127.0.0.1:23544]
[DEBUG] Using pooled Channel '[id: 0xa8905105, L:/127.0.0.1:64313 - R:localhost/127.0.0.1:23544]' for 'POST' to 'http://localhost:23544/session/0bb7ec56883e21ab4a9927e1f5f12f38/element/43FD26B00CCB42F1789C9AF43842AC61_element_28/click'
[DEBUG] Using open Channel [id: 0xa8905105, L:/127.0.0.1:64313 - R:localhost/127.0.0.1:23544] for POST '/session/0bb7ec56883e21ab4a9927e1f5f12f38/element/43FD26B00CCB42F1789C9AF43842AC61_element_28/click'
[DEBUG] 

Request DefaultHttpRequest(decodeResult: success, version: HTTP/1.1)
POST /session/0bb7ec56883e21ab4a9927e1f5f12f38/element/43FD26B00CCB42F1789C9AF43842AC61_element_28/click HTTP/1.1
User-Agent: selenium/4.8.2 (java windows)
Content-Length: 57
Content-Type: application/json; charset=utf-8
host: localhost:23544
accept: */*

Response DefaultHttpResponse(decodeResult: success, version: HTTP/1.1)
HTTP/1.1 200 OK
Content-Length: 14
Content-Type: application/json; charset=utf-8
cache-control: no-cache

[DEBUG] Adding key: http://localhost:23544 for channel [id: 0xa8905105, L:/127.0.0.1:64313 - R:localhost/127.0.0.1:23544]
[DEBUG] Using pooled Channel '[id: 0xa8905105, L:/127.0.0.1:64313 - R:localhost/127.0.0.1:23544]' for 'POST' to 'http://localhost:23544/session/0bb7ec56883e21ab4a9927e1f5f12f38/element'
[DEBUG] Using open Channel [id: 0xa8905105, L:/127.0.0.1:64313 - R:localhost/127.0.0.1:23544] for POST '/session/0bb7ec56883e21ab4a9927e1f5f12f38/element'
[DEBUG] 

Request DefaultHttpRequest(decodeResult: success, version: HTTP/1.1)
POST /session/0bb7ec56883e21ab4a9927e1f5f12f38/element HTTP/1.1
User-Agent: selenium/4.8.2 (java windows)
Content-Length: 58
Content-Type: application/json; charset=utf-8
host: localhost:23544
accept: */*

Response DefaultHttpResponse(decodeResult: success, version: HTTP/1.1)
HTTP/1.1 200 OK
Content-Length: 95
Content-Type: application/json; charset=utf-8
cache-control: no-cache

[DEBUG] Adding key: http://localhost:23544 for channel [id: 0xa8905105, L:/127.0.0.1:64313 - R:localhost/127.0.0.1:23544]
[DEBUG] Using pooled Channel '[id: 0xa8905105, L:/127.0.0.1:64313 - R:localhost/127.0.0.1:23544]' for 'POST' to 'http://localhost:23544/session/0bb7ec56883e21ab4a9927e1f5f12f38/execute/sync'
[DEBUG] Using open Channel [id: 0xa8905105, L:/127.0.0.1:64313 - R:localhost/127.0.0.1:23544] for POST '/session/0bb7ec56883e21ab4a9927e1f5f12f38/execute/sync'
[DEBUG] 

Request DefaultHttpRequest(decodeResult: success, version: HTTP/1.1)
POST /session/0bb7ec56883e21ab4a9927e1f5f12f38/execute/sync HTTP/1.1
User-Agent: selenium/4.8.2 (java windows)
Content-Length: 48814
Content-Type: application/json; charset=utf-8
host: localhost:23544
accept: */*

Response DefaultHttpResponse(decodeResult: success, version: HTTP/1.1)
HTTP/1.1 200 OK
Content-Length: 14
Content-Type: application/json; charset=utf-8
cache-control: no-cache

[DEBUG] Adding key: http://localhost:23544 for channel [id: 0xa8905105, L:/127.0.0.1:64313 - R:localhost/127.0.0.1:23544]
[DEBUG] Using pooled Channel '[id: 0xa8905105, L:/127.0.0.1:64313 - R:localhost/127.0.0.1:23544]' for 'POST' to 'http://localhost:23544/session/0bb7ec56883e21ab4a9927e1f5f12f38/element'
[DEBUG] Using open Channel [id: 0xa8905105, L:/127.0.0.1:64313 - R:localhost/127.0.0.1:23544] for POST '/session/0bb7ec56883e21ab4a9927e1f5f12f38/element'
[DEBUG] 

Request DefaultHttpRequest(decodeResult: success, version: HTTP/1.1)
POST /session/0bb7ec56883e21ab4a9927e1f5f12f38/element HTTP/1.1
User-Agent: selenium/4.8.2 (java windows)
Content-Length: 58
Content-Type: application/json; charset=utf-8
host: localhost:23544
accept: */*

Response DefaultHttpResponse(decodeResult: success, version: HTTP/1.1)
HTTP/1.1 200 OK
Content-Length: 95
Content-Type: application/json; charset=utf-8
cache-control: no-cache

[DEBUG] Adding key: http://localhost:23544 for channel [id: 0xa8905105, L:/127.0.0.1:64313 - R:localhost/127.0.0.1:23544]
[DEBUG] Using pooled Channel '[id: 0xa8905105, L:/127.0.0.1:64313 - R:localhost/127.0.0.1:23544]' for 'POST' to 'http://localhost:23544/session/0bb7ec56883e21ab4a9927e1f5f12f38/execute/sync'
[DEBUG] Using open Channel [id: 0xa8905105, L:/127.0.0.1:64313 - R:localhost/127.0.0.1:23544] for POST '/session/0bb7ec56883e21ab4a9927e1f5f12f38/execute/sync'
[DEBUG] 

Request DefaultHttpRequest(decodeResult: success, version: HTTP/1.1)
POST /session/0bb7ec56883e21ab4a9927e1f5f12f38/execute/sync HTTP/1.1
User-Agent: selenium/4.8.2 (java windows)
Content-Length: 48814
Content-Type: application/json; charset=utf-8
host: localhost:23544
accept: */*

Response DefaultHttpResponse(decodeResult: success, version: HTTP/1.1)
HTTP/1.1 200 OK
Content-Length: 14
Content-Type: application/json; charset=utf-8
cache-control: no-cache

[DEBUG] Adding key: http://localhost:23544 for channel [id: 0xa8905105, L:/127.0.0.1:64313 - R:localhost/127.0.0.1:23544]
]]></system-out>
    <system-err><![CDATA[Starting ChromeDriver 113.0.5672.63 (0e1a4471d5ae5bf128b1bd8f4d627c8cbd55f70c-refs/branch-heads/5672@{#912}) on port 23544
Only local connections are allowed.
Please see https://chromedriver.chromium.org/security-considerations for suggestions on keeping ChromeDriver safe.
ChromeDriver was started successfully.
May 30, 2023 7:26:36 PM org.openqa.selenium.devtools.CdpVersionFinder findNearestMatch
WARNING: Unable to find an exact match for CDP version 113, so returning the closest version found: 111
]]></system-err>
  </testcase>
</testsuite>