<?xml version="1.0" encoding="UTF-8"?>
<!-- Generated by org.testng.reporters.JUnitXMLReporter -->
<testsuite hostname="LAPTOP-PLNO5R2G" ignored="0" name="Demo Blaze Test" tests="9" failures="0" timestamp="31 May 2023 02:26:40 GMT" time="27.323" errors="0">
  <testcase name="pageTitleAndUrl" time="0.068" classname="com.qa.demoblaze.testcases.DemoBlaze_Landingage"/>
  <testcase name="loginWithValidCredentials" time="0.361" classname="com.qa.demoblaze.testcases.DemoBlaze_LoginTest"/>
  <testcase name="loginWithValidCredentials" time="0.367" classname="com.qa.demoblaze.testcases.DemoBlaze_LoginTest"/>
  <testcase name="loginWithValidCredentials" time="0.38" classname="com.qa.demoblaze.testcases.DemoBlaze_LoginTest"/>
  <testcase name="loginWithValidCredentials" time="0.359" classname="com.qa.demoblaze.testcases.DemoBlaze_LoginTest"/>
  <testcase name="loginWithValidCredentials" time="0.376" classname="com.qa.demoblaze.testcases.DemoBlaze_LoginTest"/>
  <testcase name="provideSignUpCredentials" time="2.49" classname="com.qa.demoblaze.testcases.DemoBlaze_SignUpTest"/>
  <testcase name="phoneCategory" time="0.288" classname="com.qa.demoblaze.testcases.DemoBlaze_CategoriesTest"/>
  <testcase name="presenceOfProductStoreLink" time="0.082" classname="com.qa.demoblaze.testcases.DemoBlaze_Landingage"/>
</testsuite> <!-- Demo Blaze Test -->
