<?xml version="1.0" encoding="UTF-8"?>
<!-- Generated by org.testng.reporters.JUnitXMLReporter -->
<testsuite ignored="0" hostname="LAPTOP-PLNO5R2G" failures="0" tests="16" name="Demo Blaze Test" time="57.519" errors="0" timestamp="2023-05-30T19:24:11 PDT">
  <testcase classname="com.qa.demoblaze.testcases.DemoBlaze_Landingage" name="pageTitleAndUrl" time="0.074"/>
  <testcase classname="com.qa.demoblaze.testcases.DemoBlaze_Landingage" name="presenceOfProductStoreLink" time="0.083"/>
  <testcase classname="com.qa.demoblaze.testcases.DemoBlaze_LoginTest" name="loginWithValidCredentials" time="0.405"/>
  <testcase classname="com.qa.demoblaze.testcases.DemoBlaze_LoginTest" name="loginWithValidCredentials" time="0.406"/>
  <testcase classname="com.qa.demoblaze.testcases.DemoBlaze_LoginTest" name="loginWithValidCredentials" time="0.375"/>
  <testcase classname="com.qa.demoblaze.testcases.DemoBlaze_LoginTest" name="loginWithValidCredentials" time="0.354"/>
  <testcase classname="com.qa.demoblaze.testcases.DemoBlaze_LoginTest" name="loginWithValidCredentials" time="0.333"/>
  <testcase classname="com.qa.demoblaze.testcases.DemoBlaze_LoginTest" name="loginWithInvalidCredentials" time="2.485"/>
  <testcase classname="com.qa.demoblaze.testcases.DemoBlaze_LoginTest" name="loginWithInValidUsernameValidPassword" time="2.402"/>
  <testcase classname="com.qa.demoblaze.testcases.DemoBlaze_LoginTest" name="loginWithValidUsernameInvalidPassword" time="2.436"/>
  <testcase classname="com.qa.demoblaze.testcases.DemoBlaze_LoginTest" name="loginWithNoCredentials" time="2.209"/>
  <testcase classname="com.qa.demoblaze.testcases.DemoBlaze_SignUpTest" name="provideSignUpCredentials" time="2.445"/>
  <testcase classname="com.qa.demoblaze.testcases.DemoBlaze_SignUpTest" name="signUpWithNoCredentials" time="2.263"/>
  <testcase classname="com.qa.demoblaze.testcases.DemoBlaze_CategoriesTest" name="phoneCategory" time="0.322"/>
  <testcase classname="com.qa.demoblaze.testcases.DemoBlaze_CategoriesTest" name="laptopCategory" time="0.371"/>
  <testcase classname="com.qa.demoblaze.testcases.DemoBlaze_CategoriesTest" name="monitorCategory" time="0.411"/>
</testsuite> <!-- Demo Blaze Test -->
